CRITICAL - 2021-07-17 07:27:04 --> Invalid file: layout/wraper.php
#0 D:\1.WEB_SERVER\laragon\www\fingerspot\system\View\View.php(213): CodeIgniter\Exceptions\FrameworkException::forInvalidFile('layout/wraper.p...')
#1 D:\1.WEB_SERVER\laragon\www\fingerspot\system\Common.php(1271): CodeIgniter\View\View->render('layout/wraper', Array, true)
#2 D:\1.WEB_SERVER\laragon\www\fingerspot\app\Controllers\Home.php(13): view('layout/wraper', Array)
#3 D:\1.WEB_SERVER\laragon\www\fingerspot\system\CodeIgniter.php(928): App\Controllers\Home->index()
#4 D:\1.WEB_SERVER\laragon\www\fingerspot\system\CodeIgniter.php(436): CodeIgniter\CodeIgniter->runController(Object(App\Controllers\Home))
#5 D:\1.WEB_SERVER\laragon\www\fingerspot\system\CodeIgniter.php(336): CodeIgniter\CodeIgniter->handleRequest(NULL, Object(Config\Cache), false)
#6 D:\1.WEB_SERVER\laragon\www\fingerspot\public\index.php(37): CodeIgniter\CodeIgniter->run()
#7 D:\1.WEB_SERVER\laragon\www\fingerspot\system\Commands\Server\rewrite.php(45): require_once('D:\\1.WEB_SERVER...')
#8 {main}
CRITICAL - 2021-07-17 09:23:27 --> syntax error, unexpected ';', expecting ']'
#0 D:\1.WEB_SERVER\laragon\www\fingerspot\system\Router\Router.php(169): CodeIgniter\Router\Router->autoRoute('home/absen_masu...')
#1 D:\1.WEB_SERVER\laragon\www\fingerspot\system\CodeIgniter.php(809): CodeIgniter\Router\Router->handle('home/absen_masu...')
#2 D:\1.WEB_SERVER\laragon\www\fingerspot\system\CodeIgniter.php(389): CodeIgniter\CodeIgniter->tryToRouteIt(Object(CodeIgniter\Router\RouteCollection))
#3 D:\1.WEB_SERVER\laragon\www\fingerspot\system\CodeIgniter.php(336): CodeIgniter\CodeIgniter->handleRequest(NULL, Object(Config\Cache), false)
#4 D:\1.WEB_SERVER\laragon\www\fingerspot\public\index.php(37): CodeIgniter\CodeIgniter->run()
#5 D:\1.WEB_SERVER\laragon\www\fingerspot\system\Commands\Server\rewrite.php(45): require_once('D:\\1.WEB_SERVER...')
#6 {main}
CRITICAL - 2021-07-17 09:25:13 --> syntax error, unexpected ';', expecting ']'
#0 D:\1.WEB_SERVER\laragon\www\fingerspot\system\Router\Router.php(169): CodeIgniter\Router\Router->autoRoute('home/absen_masu...')
#1 D:\1.WEB_SERVER\laragon\www\fingerspot\system\CodeIgniter.php(809): CodeIgniter\Router\Router->handle('home/absen_masu...')
#2 D:\1.WEB_SERVER\laragon\www\fingerspot\system\CodeIgniter.php(389): CodeIgniter\CodeIgniter->tryToRouteIt(Object(CodeIgniter\Router\RouteCollection))
#3 D:\1.WEB_SERVER\laragon\www\fingerspot\system\CodeIgniter.php(336): CodeIgniter\CodeIgniter->handleRequest(NULL, Object(Config\Cache), false)
#4 D:\1.WEB_SERVER\laragon\www\fingerspot\public\index.php(37): CodeIgniter\CodeIgniter->run()
#5 D:\1.WEB_SERVER\laragon\www\fingerspot\system\Commands\Server\rewrite.php(45): require_once('D:\\1.WEB_SERVER...')
#6 {main}
CRITICAL - 2021-07-17 09:25:28 --> Call to a member function getUser() on null
#0 D:\1.WEB_SERVER\laragon\www\fingerspot\system\CodeIgniter.php(928): App\Controllers\Home->absen_masuk()
#1 D:\1.WEB_SERVER\laragon\www\fingerspot\system\CodeIgniter.php(436): CodeIgniter\CodeIgniter->runController(Object(App\Controllers\Home))
#2 D:\1.WEB_SERVER\laragon\www\fingerspot\system\CodeIgniter.php(336): CodeIgniter\CodeIgniter->handleRequest(NULL, Object(Config\Cache), false)
#3 D:\1.WEB_SERVER\laragon\www\fingerspot\public\index.php(37): CodeIgniter\CodeIgniter->run()
#4 D:\1.WEB_SERVER\laragon\www\fingerspot\system\Commands\Server\rewrite.php(45): require_once('D:\\1.WEB_SERVER...')
#5 {main}
CRITICAL - 2021-07-17 09:27:20 --> Call to a member function getUser() on null
#0 D:\1.WEB_SERVER\laragon\www\fingerspot\system\CodeIgniter.php(928): App\Controllers\Home->absen_masuk()
#1 D:\1.WEB_SERVER\laragon\www\fingerspot\system\CodeIgniter.php(436): CodeIgniter\CodeIgniter->runController(Object(App\Controllers\Home))
#2 D:\1.WEB_SERVER\laragon\www\fingerspot\system\CodeIgniter.php(336): CodeIgniter\CodeIgniter->handleRequest(NULL, Object(Config\Cache), false)
#3 D:\1.WEB_SERVER\laragon\www\fingerspot\public\index.php(37): CodeIgniter\CodeIgniter->run()
#4 D:\1.WEB_SERVER\laragon\www\fingerspot\system\Commands\Server\rewrite.php(45): require_once('D:\\1.WEB_SERVER...')
#5 {main}
CRITICAL - 2021-07-17 09:27:21 --> Call to a member function getUser() on null
#0 D:\1.WEB_SERVER\laragon\www\fingerspot\system\CodeIgniter.php(928): App\Controllers\Home->absen_masuk()
#1 D:\1.WEB_SERVER\laragon\www\fingerspot\system\CodeIgniter.php(436): CodeIgniter\CodeIgniter->runController(Object(App\Controllers\Home))
#2 D:\1.WEB_SERVER\laragon\www\fingerspot\system\CodeIgniter.php(336): CodeIgniter\CodeIgniter->handleRequest(NULL, Object(Config\Cache), false)
#3 D:\1.WEB_SERVER\laragon\www\fingerspot\public\index.php(37): CodeIgniter\CodeIgniter->run()
#4 D:\1.WEB_SERVER\laragon\www\fingerspot\system\Commands\Server\rewrite.php(45): require_once('D:\\1.WEB_SERVER...')
#5 {main}
CRITICAL - 2021-07-17 09:28:57 --> Call to a member function getUser() on null
#0 D:\1.WEB_SERVER\laragon\www\fingerspot\system\CodeIgniter.php(928): App\Controllers\Home->absen_masuk()
#1 D:\1.WEB_SERVER\laragon\www\fingerspot\system\CodeIgniter.php(436): CodeIgniter\CodeIgniter->runController(Object(App\Controllers\Home))
#2 D:\1.WEB_SERVER\laragon\www\fingerspot\system\CodeIgniter.php(336): CodeIgniter\CodeIgniter->handleRequest(NULL, Object(Config\Cache), false)
#3 D:\1.WEB_SERVER\laragon\www\fingerspot\public\index.php(37): CodeIgniter\CodeIgniter->run()
#4 D:\1.WEB_SERVER\laragon\www\fingerspot\system\Commands\Server\rewrite.php(45): require_once('D:\\1.WEB_SERVER...')
#5 {main}
CRITICAL - 2021-07-17 09:28:57 --> Call to a member function getUser() on null
#0 D:\1.WEB_SERVER\laragon\www\fingerspot\system\CodeIgniter.php(928): App\Controllers\Home->absen_masuk()
#1 D:\1.WEB_SERVER\laragon\www\fingerspot\system\CodeIgniter.php(436): CodeIgniter\CodeIgniter->runController(Object(App\Controllers\Home))
#2 D:\1.WEB_SERVER\laragon\www\fingerspot\system\CodeIgniter.php(336): CodeIgniter\CodeIgniter->handleRequest(NULL, Object(Config\Cache), false)
#3 D:\1.WEB_SERVER\laragon\www\fingerspot\public\index.php(37): CodeIgniter\CodeIgniter->run()
#4 D:\1.WEB_SERVER\laragon\www\fingerspot\system\Commands\Server\rewrite.php(45): require_once('D:\\1.WEB_SERVER...')
#5 {main}
CRITICAL - 2021-07-17 09:28:58 --> Call to a member function getUser() on null
#0 D:\1.WEB_SERVER\laragon\www\fingerspot\system\CodeIgniter.php(928): App\Controllers\Home->absen_masuk()
#1 D:\1.WEB_SERVER\laragon\www\fingerspot\system\CodeIgniter.php(436): CodeIgniter\CodeIgniter->runController(Object(App\Controllers\Home))
#2 D:\1.WEB_SERVER\laragon\www\fingerspot\system\CodeIgniter.php(336): CodeIgniter\CodeIgniter->handleRequest(NULL, Object(Config\Cache), false)
#3 D:\1.WEB_SERVER\laragon\www\fingerspot\public\index.php(37): CodeIgniter\CodeIgniter->run()
#4 D:\1.WEB_SERVER\laragon\www\fingerspot\system\Commands\Server\rewrite.php(45): require_once('D:\\1.WEB_SERVER...')
#5 {main}
CRITICAL - 2021-07-17 09:28:58 --> Call to a member function getUser() on null
#0 D:\1.WEB_SERVER\laragon\www\fingerspot\system\CodeIgniter.php(928): App\Controllers\Home->absen_masuk()
#1 D:\1.WEB_SERVER\laragon\www\fingerspot\system\CodeIgniter.php(436): CodeIgniter\CodeIgniter->runController(Object(App\Controllers\Home))
#2 D:\1.WEB_SERVER\laragon\www\fingerspot\system\CodeIgniter.php(336): CodeIgniter\CodeIgniter->handleRequest(NULL, Object(Config\Cache), false)
#3 D:\1.WEB_SERVER\laragon\www\fingerspot\public\index.php(37): CodeIgniter\CodeIgniter->run()
#4 D:\1.WEB_SERVER\laragon\www\fingerspot\system\Commands\Server\rewrite.php(45): require_once('D:\\1.WEB_SERVER...')
#5 {main}
CRITICAL - 2021-07-17 09:28:58 --> Call to a member function getUser() on null
#0 D:\1.WEB_SERVER\laragon\www\fingerspot\system\CodeIgniter.php(928): App\Controllers\Home->absen_masuk()
#1 D:\1.WEB_SERVER\laragon\www\fingerspot\system\CodeIgniter.php(436): CodeIgniter\CodeIgniter->runController(Object(App\Controllers\Home))
#2 D:\1.WEB_SERVER\laragon\www\fingerspot\system\CodeIgniter.php(336): CodeIgniter\CodeIgniter->handleRequest(NULL, Object(Config\Cache), false)
#3 D:\1.WEB_SERVER\laragon\www\fingerspot\public\index.php(37): CodeIgniter\CodeIgniter->run()
#4 D:\1.WEB_SERVER\laragon\www\fingerspot\system\Commands\Server\rewrite.php(45): require_once('D:\\1.WEB_SERVER...')
#5 {main}
CRITICAL - 2021-07-17 09:28:58 --> Call to a member function getUser() on null
#0 D:\1.WEB_SERVER\laragon\www\fingerspot\system\CodeIgniter.php(928): App\Controllers\Home->absen_masuk()
#1 D:\1.WEB_SERVER\laragon\www\fingerspot\system\CodeIgniter.php(436): CodeIgniter\CodeIgniter->runController(Object(App\Controllers\Home))
#2 D:\1.WEB_SERVER\laragon\www\fingerspot\system\CodeIgniter.php(336): CodeIgniter\CodeIgniter->handleRequest(NULL, Object(Config\Cache), false)
#3 D:\1.WEB_SERVER\laragon\www\fingerspot\public\index.php(37): CodeIgniter\CodeIgniter->run()
#4 D:\1.WEB_SERVER\laragon\www\fingerspot\system\Commands\Server\rewrite.php(45): require_once('D:\\1.WEB_SERVER...')
#5 {main}
CRITICAL - 2021-07-17 09:37:33 --> Class 'App\Controllers\ModeModel' not found
#0 D:\1.WEB_SERVER\laragon\www\fingerspot\system\CodeIgniter.php(928): App\Controllers\Home->absen_masuk()
#1 D:\1.WEB_SERVER\laragon\www\fingerspot\system\CodeIgniter.php(436): CodeIgniter\CodeIgniter->runController(Object(App\Controllers\Home))
#2 D:\1.WEB_SERVER\laragon\www\fingerspot\system\CodeIgniter.php(336): CodeIgniter\CodeIgniter->handleRequest(NULL, Object(Config\Cache), false)
#3 D:\1.WEB_SERVER\laragon\www\fingerspot\public\index.php(37): CodeIgniter\CodeIgniter->run()
#4 D:\1.WEB_SERVER\laragon\www\fingerspot\system\Commands\Server\rewrite.php(45): require_once('D:\\1.WEB_SERVER...')
#5 {main}
CRITICAL - 2021-07-17 09:37:34 --> Class 'App\Controllers\ModeModel' not found
#0 D:\1.WEB_SERVER\laragon\www\fingerspot\system\CodeIgniter.php(928): App\Controllers\Home->absen_masuk()
#1 D:\1.WEB_SERVER\laragon\www\fingerspot\system\CodeIgniter.php(436): CodeIgniter\CodeIgniter->runController(Object(App\Controllers\Home))
#2 D:\1.WEB_SERVER\laragon\www\fingerspot\system\CodeIgniter.php(336): CodeIgniter\CodeIgniter->handleRequest(NULL, Object(Config\Cache), false)
#3 D:\1.WEB_SERVER\laragon\www\fingerspot\public\index.php(37): CodeIgniter\CodeIgniter->run()
#4 D:\1.WEB_SERVER\laragon\www\fingerspot\system\Commands\Server\rewrite.php(45): require_once('D:\\1.WEB_SERVER...')
#5 {main}
CRITICAL - 2021-07-17 09:37:59 --> Call to a member function getUser() on null
#0 D:\1.WEB_SERVER\laragon\www\fingerspot\system\CodeIgniter.php(928): App\Controllers\Home->absen_masuk()
#1 D:\1.WEB_SERVER\laragon\www\fingerspot\system\CodeIgniter.php(436): CodeIgniter\CodeIgniter->runController(Object(App\Controllers\Home))
#2 D:\1.WEB_SERVER\laragon\www\fingerspot\system\CodeIgniter.php(336): CodeIgniter\CodeIgniter->handleRequest(NULL, Object(Config\Cache), false)
#3 D:\1.WEB_SERVER\laragon\www\fingerspot\public\index.php(37): CodeIgniter\CodeIgniter->run()
#4 D:\1.WEB_SERVER\laragon\www\fingerspot\system\Commands\Server\rewrite.php(45): require_once('D:\\1.WEB_SERVER...')
#5 {main}
CRITICAL - 2021-07-17 09:38:01 --> Call to a member function getUser() on null
#0 D:\1.WEB_SERVER\laragon\www\fingerspot\system\CodeIgniter.php(928): App\Controllers\Home->absen_masuk()
#1 D:\1.WEB_SERVER\laragon\www\fingerspot\system\CodeIgniter.php(436): CodeIgniter\CodeIgniter->runController(Object(App\Controllers\Home))
#2 D:\1.WEB_SERVER\laragon\www\fingerspot\system\CodeIgniter.php(336): CodeIgniter\CodeIgniter->handleRequest(NULL, Object(Config\Cache), false)
#3 D:\1.WEB_SERVER\laragon\www\fingerspot\public\index.php(37): CodeIgniter\CodeIgniter->run()
#4 D:\1.WEB_SERVER\laragon\www\fingerspot\system\Commands\Server\rewrite.php(45): require_once('D:\\1.WEB_SERVER...')
#5 {main}
CRITICAL - 2021-07-17 09:39:24 --> Call to a member function GetData() on null
#0 D:\1.WEB_SERVER\laragon\www\fingerspot\system\CodeIgniter.php(928): App\Controllers\Home->absen_masuk()
#1 D:\1.WEB_SERVER\laragon\www\fingerspot\system\CodeIgniter.php(436): CodeIgniter\CodeIgniter->runController(Object(App\Controllers\Home))
#2 D:\1.WEB_SERVER\laragon\www\fingerspot\system\CodeIgniter.php(336): CodeIgniter\CodeIgniter->handleRequest(NULL, Object(Config\Cache), false)
#3 D:\1.WEB_SERVER\laragon\www\fingerspot\public\index.php(37): CodeIgniter\CodeIgniter->run()
#4 D:\1.WEB_SERVER\laragon\www\fingerspot\system\Commands\Server\rewrite.php(45): require_once('D:\\1.WEB_SERVER...')
#5 {main}
ERROR - 2021-07-17 09:42:33 --> Table 'fingerspot.pegawai' doesn't exist
ERROR - 2021-07-17 09:45:25 --> Table 'fingerspot.pegawai' doesn't exist
CRITICAL - 2021-07-17 09:45:25 --> Invalid argument supplied for foreach()
#0 D:\1.WEB_SERVER\laragon\www\fingerspot\app\Views\absen_masuk.php(44): CodeIgniter\Debug\Exceptions->errorHandler(2, 'Invalid argumen...', 'D:\\1.WEB_SERVER...', 44, Array)
#1 D:\1.WEB_SERVER\laragon\www\fingerspot\system\View\View.php(230): include('D:\\1.WEB_SERVER...')
#2 D:\1.WEB_SERVER\laragon\www\fingerspot\system\View\View.php(232): CodeIgniter\View\View->CodeIgniter\View\{closure}()
#3 D:\1.WEB_SERVER\laragon\www\fingerspot\system\Common.php(1271): CodeIgniter\View\View->render('absen_masuk', Array, true)
#4 D:\1.WEB_SERVER\laragon\www\fingerspot\app\Views\layout\conten.php(4): view('absen_masuk')
#5 D:\1.WEB_SERVER\laragon\www\fingerspot\system\View\View.php(230): include('D:\\1.WEB_SERVER...')
#6 D:\1.WEB_SERVER\laragon\www\fingerspot\system\View\View.php(232): CodeIgniter\View\View->CodeIgniter\View\{closure}()
#7 D:\1.WEB_SERVER\laragon\www\fingerspot\system\Common.php(1271): CodeIgniter\View\View->render('layout/conten.p...', Array, true)
#8 D:\1.WEB_SERVER\laragon\www\fingerspot\app\Views\layout\wrapper.php(5): view('layout/conten.p...')
#9 D:\1.WEB_SERVER\laragon\www\fingerspot\system\View\View.php(230): include('D:\\1.WEB_SERVER...')
#10 D:\1.WEB_SERVER\laragon\www\fingerspot\system\View\View.php(232): CodeIgniter\View\View->CodeIgniter\View\{closure}()
#11 D:\1.WEB_SERVER\laragon\www\fingerspot\system\Common.php(1271): CodeIgniter\View\View->render('layout/wrapper', Array, true)
#12 D:\1.WEB_SERVER\laragon\www\fingerspot\app\Controllers\Home.php(33): view('layout/wrapper', Array)
#13 D:\1.WEB_SERVER\laragon\www\fingerspot\system\CodeIgniter.php(928): App\Controllers\Home->absen_masuk()
#14 D:\1.WEB_SERVER\laragon\www\fingerspot\system\CodeIgniter.php(436): CodeIgniter\CodeIgniter->runController(Object(App\Controllers\Home))
#15 D:\1.WEB_SERVER\laragon\www\fingerspot\system\CodeIgniter.php(336): CodeIgniter\CodeIgniter->handleRequest(NULL, Object(Config\Cache), false)
#16 D:\1.WEB_SERVER\laragon\www\fingerspot\public\index.php(37): CodeIgniter\CodeIgniter->run()
#17 D:\1.WEB_SERVER\laragon\www\fingerspot\system\Commands\Server\rewrite.php(45): require_once('D:\\1.WEB_SERVER...')
#18 {main}
ERROR - 2021-07-17 09:46:37 --> Table 'fingerspot.pegawai' doesn't exist
CRITICAL - 2021-07-17 09:46:37 --> Call to a member function getResultArray() on bool
#0 D:\1.WEB_SERVER\laragon\www\fingerspot\app\Controllers\Home.php(31): App\Models\HomeModel->getUser()
#1 D:\1.WEB_SERVER\laragon\www\fingerspot\system\CodeIgniter.php(928): App\Controllers\Home->absen_masuk()
#2 D:\1.WEB_SERVER\laragon\www\fingerspot\system\CodeIgniter.php(436): CodeIgniter\CodeIgniter->runController(Object(App\Controllers\Home))
#3 D:\1.WEB_SERVER\laragon\www\fingerspot\system\CodeIgniter.php(336): CodeIgniter\CodeIgniter->handleRequest(NULL, Object(Config\Cache), false)
#4 D:\1.WEB_SERVER\laragon\www\fingerspot\public\index.php(37): CodeIgniter\CodeIgniter->run()
#5 D:\1.WEB_SERVER\laragon\www\fingerspot\system\Commands\Server\rewrite.php(45): require_once('D:\\1.WEB_SERVER...')
#6 {main}
ERROR - 2021-07-17 09:47:31 --> Table 'fingerspot.pegawai' doesn't exist
CRITICAL - 2021-07-17 09:47:31 --> Call to a member function getResult() on bool
#0 D:\1.WEB_SERVER\laragon\www\fingerspot\system\View\View.php(230): include()
#1 D:\1.WEB_SERVER\laragon\www\fingerspot\system\View\View.php(232): CodeIgniter\View\View->CodeIgniter\View\{closure}()
#2 D:\1.WEB_SERVER\laragon\www\fingerspot\system\Common.php(1271): CodeIgniter\View\View->render('absen_masuk', Array, true)
#3 D:\1.WEB_SERVER\laragon\www\fingerspot\app\Views\layout\conten.php(4): view('absen_masuk')
#4 D:\1.WEB_SERVER\laragon\www\fingerspot\system\View\View.php(230): include('D:\\1.WEB_SERVER...')
#5 D:\1.WEB_SERVER\laragon\www\fingerspot\system\View\View.php(232): CodeIgniter\View\View->CodeIgniter\View\{closure}()
#6 D:\1.WEB_SERVER\laragon\www\fingerspot\system\Common.php(1271): CodeIgniter\View\View->render('layout/conten.p...', Array, true)
#7 D:\1.WEB_SERVER\laragon\www\fingerspot\app\Views\layout\wrapper.php(5): view('layout/conten.p...')
#8 D:\1.WEB_SERVER\laragon\www\fingerspot\system\View\View.php(230): include('D:\\1.WEB_SERVER...')
#9 D:\1.WEB_SERVER\laragon\www\fingerspot\system\View\View.php(232): CodeIgniter\View\View->CodeIgniter\View\{closure}()
#10 D:\1.WEB_SERVER\laragon\www\fingerspot\system\Common.php(1271): CodeIgniter\View\View->render('layout/wrapper', Array, true)
#11 D:\1.WEB_SERVER\laragon\www\fingerspot\app\Controllers\Home.php(33): view('layout/wrapper', Array)
#12 D:\1.WEB_SERVER\laragon\www\fingerspot\system\CodeIgniter.php(928): App\Controllers\Home->absen_masuk()
#13 D:\1.WEB_SERVER\laragon\www\fingerspot\system\CodeIgniter.php(436): CodeIgniter\CodeIgniter->runController(Object(App\Controllers\Home))
#14 D:\1.WEB_SERVER\laragon\www\fingerspot\system\CodeIgniter.php(336): CodeIgniter\CodeIgniter->handleRequest(NULL, Object(Config\Cache), false)
#15 D:\1.WEB_SERVER\laragon\www\fingerspot\public\index.php(37): CodeIgniter\CodeIgniter->run()
#16 D:\1.WEB_SERVER\laragon\www\fingerspot\system\Commands\Server\rewrite.php(45): require_once('D:\\1.WEB_SERVER...')
#17 {main}
ERROR - 2021-07-17 09:48:29 --> Table 'fingerspot.pegawai' doesn't exist
CRITICAL - 2021-07-17 09:48:29 --> Call to a member function getResult() on bool
#0 D:\1.WEB_SERVER\laragon\www\fingerspot\system\View\View.php(230): include()
#1 D:\1.WEB_SERVER\laragon\www\fingerspot\system\View\View.php(232): CodeIgniter\View\View->CodeIgniter\View\{closure}()
#2 D:\1.WEB_SERVER\laragon\www\fingerspot\system\Common.php(1271): CodeIgniter\View\View->render('absen_masuk', Array, true)
#3 D:\1.WEB_SERVER\laragon\www\fingerspot\app\Views\layout\conten.php(4): view('absen_masuk')
#4 D:\1.WEB_SERVER\laragon\www\fingerspot\system\View\View.php(230): include('D:\\1.WEB_SERVER...')
#5 D:\1.WEB_SERVER\laragon\www\fingerspot\system\View\View.php(232): CodeIgniter\View\View->CodeIgniter\View\{closure}()
#6 D:\1.WEB_SERVER\laragon\www\fingerspot\system\Common.php(1271): CodeIgniter\View\View->render('layout/conten.p...', Array, true)
#7 D:\1.WEB_SERVER\laragon\www\fingerspot\app\Views\layout\wrapper.php(5): view('layout/conten.p...')
#8 D:\1.WEB_SERVER\laragon\www\fingerspot\system\View\View.php(230): include('D:\\1.WEB_SERVER...')
#9 D:\1.WEB_SERVER\laragon\www\fingerspot\system\View\View.php(232): CodeIgniter\View\View->CodeIgniter\View\{closure}()
#10 D:\1.WEB_SERVER\laragon\www\fingerspot\system\Common.php(1271): CodeIgniter\View\View->render('layout/wrapper', Array, true)
#11 D:\1.WEB_SERVER\laragon\www\fingerspot\app\Controllers\Home.php(33): view('layout/wrapper', Array)
#12 D:\1.WEB_SERVER\laragon\www\fingerspot\system\CodeIgniter.php(928): App\Controllers\Home->absen_masuk()
#13 D:\1.WEB_SERVER\laragon\www\fingerspot\system\CodeIgniter.php(436): CodeIgniter\CodeIgniter->runController(Object(App\Controllers\Home))
#14 D:\1.WEB_SERVER\laragon\www\fingerspot\system\CodeIgniter.php(336): CodeIgniter\CodeIgniter->handleRequest(NULL, Object(Config\Cache), false)
#15 D:\1.WEB_SERVER\laragon\www\fingerspot\public\index.php(37): CodeIgniter\CodeIgniter->run()
#16 D:\1.WEB_SERVER\laragon\www\fingerspot\system\Commands\Server\rewrite.php(45): require_once('D:\\1.WEB_SERVER...')
#17 {main}
ERROR - 2021-07-17 09:49:32 --> Table 'fingerspot.pegawai' doesn't exist
CRITICAL - 2021-07-17 09:49:32 --> Invalid argument supplied for foreach()
#0 D:\1.WEB_SERVER\laragon\www\fingerspot\app\Views\absen_masuk.php(45): CodeIgniter\Debug\Exceptions->errorHandler(2, 'Invalid argumen...', 'D:\\1.WEB_SERVER...', 45, Array)
#1 D:\1.WEB_SERVER\laragon\www\fingerspot\system\View\View.php(230): include('D:\\1.WEB_SERVER...')
#2 D:\1.WEB_SERVER\laragon\www\fingerspot\system\View\View.php(232): CodeIgniter\View\View->CodeIgniter\View\{closure}()
#3 D:\1.WEB_SERVER\laragon\www\fingerspot\system\Common.php(1271): CodeIgniter\View\View->render('absen_masuk', Array, true)
#4 D:\1.WEB_SERVER\laragon\www\fingerspot\app\Views\layout\conten.php(4): view('absen_masuk')
#5 D:\1.WEB_SERVER\laragon\www\fingerspot\system\View\View.php(230): include('D:\\1.WEB_SERVER...')
#6 D:\1.WEB_SERVER\laragon\www\fingerspot\system\View\View.php(232): CodeIgniter\View\View->CodeIgniter\View\{closure}()
#7 D:\1.WEB_SERVER\laragon\www\fingerspot\system\Common.php(1271): CodeIgniter\View\View->render('layout/conten.p...', Array, true)
#8 D:\1.WEB_SERVER\laragon\www\fingerspot\app\Views\layout\wrapper.php(5): view('layout/conten.p...')
#9 D:\1.WEB_SERVER\laragon\www\fingerspot\system\View\View.php(230): include('D:\\1.WEB_SERVER...')
#10 D:\1.WEB_SERVER\laragon\www\fingerspot\system\View\View.php(232): CodeIgniter\View\View->CodeIgniter\View\{closure}()
#11 D:\1.WEB_SERVER\laragon\www\fingerspot\system\Common.php(1271): CodeIgniter\View\View->render('layout/wrapper', Array, true)
#12 D:\1.WEB_SERVER\laragon\www\fingerspot\app\Controllers\Home.php(33): view('layout/wrapper', Array)
#13 D:\1.WEB_SERVER\laragon\www\fingerspot\system\CodeIgniter.php(928): App\Controllers\Home->absen_masuk()
#14 D:\1.WEB_SERVER\laragon\www\fingerspot\system\CodeIgniter.php(436): CodeIgniter\CodeIgniter->runController(Object(App\Controllers\Home))
#15 D:\1.WEB_SERVER\laragon\www\fingerspot\system\CodeIgniter.php(336): CodeIgniter\CodeIgniter->handleRequest(NULL, Object(Config\Cache), false)
#16 D:\1.WEB_SERVER\laragon\www\fingerspot\public\index.php(37): CodeIgniter\CodeIgniter->run()
#17 D:\1.WEB_SERVER\laragon\www\fingerspot\system\Commands\Server\rewrite.php(45): require_once('D:\\1.WEB_SERVER...')
#18 {main}
ERROR - 2021-07-17 09:49:37 --> Table 'fingerspot.pegawai' doesn't exist
ERROR - 2021-07-17 09:49:57 --> Table 'fingerspot.pegawai' doesn't exist
CRITICAL - 2021-07-17 09:50:30 --> Object of class CodeIgniter\Database\MySQLi\Result could not be converted to string
#0 D:\1.WEB_SERVER\laragon\www\fingerspot\system\View\View.php(230): include()
#1 D:\1.WEB_SERVER\laragon\www\fingerspot\system\View\View.php(232): CodeIgniter\View\View->CodeIgniter\View\{closure}()
#2 D:\1.WEB_SERVER\laragon\www\fingerspot\system\Common.php(1271): CodeIgniter\View\View->render('absen_masuk', Array, true)
#3 D:\1.WEB_SERVER\laragon\www\fingerspot\app\Views\layout\conten.php(4): view('absen_masuk')
#4 D:\1.WEB_SERVER\laragon\www\fingerspot\system\View\View.php(230): include('D:\\1.WEB_SERVER...')
#5 D:\1.WEB_SERVER\laragon\www\fingerspot\system\View\View.php(232): CodeIgniter\View\View->CodeIgniter\View\{closure}()
#6 D:\1.WEB_SERVER\laragon\www\fingerspot\system\Common.php(1271): CodeIgniter\View\View->render('layout/conten.p...', Array, true)
#7 D:\1.WEB_SERVER\laragon\www\fingerspot\app\Views\layout\wrapper.php(5): view('layout/conten.p...')
#8 D:\1.WEB_SERVER\laragon\www\fingerspot\system\View\View.php(230): include('D:\\1.WEB_SERVER...')
#9 D:\1.WEB_SERVER\laragon\www\fingerspot\system\View\View.php(232): CodeIgniter\View\View->CodeIgniter\View\{closure}()
#10 D:\1.WEB_SERVER\laragon\www\fingerspot\system\Common.php(1271): CodeIgniter\View\View->render('layout/wrapper', Array, true)
#11 D:\1.WEB_SERVER\laragon\www\fingerspot\app\Controllers\Home.php(33): view('layout/wrapper', Array)
#12 D:\1.WEB_SERVER\laragon\www\fingerspot\system\CodeIgniter.php(928): App\Controllers\Home->absen_masuk()
#13 D:\1.WEB_SERVER\laragon\www\fingerspot\system\CodeIgniter.php(436): CodeIgniter\CodeIgniter->runController(Object(App\Controllers\Home))
#14 D:\1.WEB_SERVER\laragon\www\fingerspot\system\CodeIgniter.php(336): CodeIgniter\CodeIgniter->handleRequest(NULL, Object(Config\Cache), false)
#15 D:\1.WEB_SERVER\laragon\www\fingerspot\public\index.php(37): CodeIgniter\CodeIgniter->run()
#16 D:\1.WEB_SERVER\laragon\www\fingerspot\system\Commands\Server\rewrite.php(45): require_once('D:\\1.WEB_SERVER...')
#17 {main}
CRITICAL - 2021-07-17 09:50:40 --> Object of class CodeIgniter\Database\MySQLi\Result could not be converted to string
#0 D:\1.WEB_SERVER\laragon\www\fingerspot\system\View\View.php(230): include()
#1 D:\1.WEB_SERVER\laragon\www\fingerspot\system\View\View.php(232): CodeIgniter\View\View->CodeIgniter\View\{closure}()
#2 D:\1.WEB_SERVER\laragon\www\fingerspot\system\Common.php(1271): CodeIgniter\View\View->render('absen_masuk', Array, true)
#3 D:\1.WEB_SERVER\laragon\www\fingerspot\app\Views\layout\conten.php(4): view('absen_masuk')
#4 D:\1.WEB_SERVER\laragon\www\fingerspot\system\View\View.php(230): include('D:\\1.WEB_SERVER...')
#5 D:\1.WEB_SERVER\laragon\www\fingerspot\system\View\View.php(232): CodeIgniter\View\View->CodeIgniter\View\{closure}()
#6 D:\1.WEB_SERVER\laragon\www\fingerspot\system\Common.php(1271): CodeIgniter\View\View->render('layout/conten.p...', Array, true)
#7 D:\1.WEB_SERVER\laragon\www\fingerspot\app\Views\layout\wrapper.php(5): view('layout/conten.p...')
#8 D:\1.WEB_SERVER\laragon\www\fingerspot\system\View\View.php(230): include('D:\\1.WEB_SERVER...')
#9 D:\1.WEB_SERVER\laragon\www\fingerspot\system\View\View.php(232): CodeIgniter\View\View->CodeIgniter\View\{closure}()
#10 D:\1.WEB_SERVER\laragon\www\fingerspot\system\Common.php(1271): CodeIgniter\View\View->render('layout/wrapper', Array, true)
#11 D:\1.WEB_SERVER\laragon\www\fingerspot\app\Controllers\Home.php(33): view('layout/wrapper', Array)
#12 D:\1.WEB_SERVER\laragon\www\fingerspot\system\CodeIgniter.php(928): App\Controllers\Home->absen_masuk()
#13 D:\1.WEB_SERVER\laragon\www\fingerspot\system\CodeIgniter.php(436): CodeIgniter\CodeIgniter->runController(Object(App\Controllers\Home))
#14 D:\1.WEB_SERVER\laragon\www\fingerspot\system\CodeIgniter.php(336): CodeIgniter\CodeIgniter->handleRequest(NULL, Object(Config\Cache), false)
#15 D:\1.WEB_SERVER\laragon\www\fingerspot\public\index.php(37): CodeIgniter\CodeIgniter->run()
#16 D:\1.WEB_SERVER\laragon\www\fingerspot\system\Commands\Server\rewrite.php(45): require_once('D:\\1.WEB_SERVER...')
#17 {main}
CRITICAL - 2021-07-17 09:51:55 --> Object of class CodeIgniter\Database\MySQLi\Result could not be converted to string
#0 D:\1.WEB_SERVER\laragon\www\fingerspot\system\View\View.php(230): include()
#1 D:\1.WEB_SERVER\laragon\www\fingerspot\system\View\View.php(232): CodeIgniter\View\View->CodeIgniter\View\{closure}()
#2 D:\1.WEB_SERVER\laragon\www\fingerspot\system\Common.php(1271): CodeIgniter\View\View->render('absen_masuk', Array, true)
#3 D:\1.WEB_SERVER\laragon\www\fingerspot\app\Views\layout\conten.php(4): view('absen_masuk')
#4 D:\1.WEB_SERVER\laragon\www\fingerspot\system\View\View.php(230): include('D:\\1.WEB_SERVER...')
#5 D:\1.WEB_SERVER\laragon\www\fingerspot\system\View\View.php(232): CodeIgniter\View\View->CodeIgniter\View\{closure}()
#6 D:\1.WEB_SERVER\laragon\www\fingerspot\system\Common.php(1271): CodeIgniter\View\View->render('layout/conten.p...', Array, true)
#7 D:\1.WEB_SERVER\laragon\www\fingerspot\app\Views\layout\wrapper.php(5): view('layout/conten.p...')
#8 D:\1.WEB_SERVER\laragon\www\fingerspot\system\View\View.php(230): include('D:\\1.WEB_SERVER...')
#9 D:\1.WEB_SERVER\laragon\www\fingerspot\system\View\View.php(232): CodeIgniter\View\View->CodeIgniter\View\{closure}()
#10 D:\1.WEB_SERVER\laragon\www\fingerspot\system\Common.php(1271): CodeIgniter\View\View->render('layout/wrapper', Array, true)
#11 D:\1.WEB_SERVER\laragon\www\fingerspot\app\Controllers\Home.php(33): view('layout/wrapper', Array)
#12 D:\1.WEB_SERVER\laragon\www\fingerspot\system\CodeIgniter.php(928): App\Controllers\Home->absen_masuk()
#13 D:\1.WEB_SERVER\laragon\www\fingerspot\system\CodeIgniter.php(436): CodeIgniter\CodeIgniter->runController(Object(App\Controllers\Home))
#14 D:\1.WEB_SERVER\laragon\www\fingerspot\system\CodeIgniter.php(336): CodeIgniter\CodeIgniter->handleRequest(NULL, Object(Config\Cache), false)
#15 D:\1.WEB_SERVER\laragon\www\fingerspot\public\index.php(37): CodeIgniter\CodeIgniter->run()
#16 D:\1.WEB_SERVER\laragon\www\fingerspot\system\Commands\Server\rewrite.php(45): require_once('D:\\1.WEB_SERVER...')
#17 {main}
CRITICAL - 2021-07-17 09:52:11 --> Cannot use object of type mysqli as array
#0 D:\1.WEB_SERVER\laragon\www\fingerspot\system\View\View.php(230): include()
#1 D:\1.WEB_SERVER\laragon\www\fingerspot\system\View\View.php(232): CodeIgniter\View\View->CodeIgniter\View\{closure}()
#2 D:\1.WEB_SERVER\laragon\www\fingerspot\system\Common.php(1271): CodeIgniter\View\View->render('absen_masuk', Array, true)
#3 D:\1.WEB_SERVER\laragon\www\fingerspot\app\Views\layout\conten.php(4): view('absen_masuk')
#4 D:\1.WEB_SERVER\laragon\www\fingerspot\system\View\View.php(230): include('D:\\1.WEB_SERVER...')
#5 D:\1.WEB_SERVER\laragon\www\fingerspot\system\View\View.php(232): CodeIgniter\View\View->CodeIgniter\View\{closure}()
#6 D:\1.WEB_SERVER\laragon\www\fingerspot\system\Common.php(1271): CodeIgniter\View\View->render('layout/conten.p...', Array, true)
#7 D:\1.WEB_SERVER\laragon\www\fingerspot\app\Views\layout\wrapper.php(5): view('layout/conten.p...')
#8 D:\1.WEB_SERVER\laragon\www\fingerspot\system\View\View.php(230): include('D:\\1.WEB_SERVER...')
#9 D:\1.WEB_SERVER\laragon\www\fingerspot\system\View\View.php(232): CodeIgniter\View\View->CodeIgniter\View\{closure}()
#10 D:\1.WEB_SERVER\laragon\www\fingerspot\system\Common.php(1271): CodeIgniter\View\View->render('layout/wrapper', Array, true)
#11 D:\1.WEB_SERVER\laragon\www\fingerspot\app\Controllers\Home.php(33): view('layout/wrapper', Array)
#12 D:\1.WEB_SERVER\laragon\www\fingerspot\system\CodeIgniter.php(928): App\Controllers\Home->absen_masuk()
#13 D:\1.WEB_SERVER\laragon\www\fingerspot\system\CodeIgniter.php(436): CodeIgniter\CodeIgniter->runController(Object(App\Controllers\Home))
#14 D:\1.WEB_SERVER\laragon\www\fingerspot\system\CodeIgniter.php(336): CodeIgniter\CodeIgniter->handleRequest(NULL, Object(Config\Cache), false)
#15 D:\1.WEB_SERVER\laragon\www\fingerspot\public\index.php(37): CodeIgniter\CodeIgniter->run()
#16 D:\1.WEB_SERVER\laragon\www\fingerspot\system\Commands\Server\rewrite.php(45): require_once('D:\\1.WEB_SERVER...')
#17 {main}
CRITICAL - 2021-07-17 09:52:41 --> Cannot use object of type mysqli as array
#0 D:\1.WEB_SERVER\laragon\www\fingerspot\system\View\View.php(230): include()
#1 D:\1.WEB_SERVER\laragon\www\fingerspot\system\View\View.php(232): CodeIgniter\View\View->CodeIgniter\View\{closure}()
#2 D:\1.WEB_SERVER\laragon\www\fingerspot\system\Common.php(1271): CodeIgniter\View\View->render('absen_masuk', Array, true)
#3 D:\1.WEB_SERVER\laragon\www\fingerspot\app\Views\layout\conten.php(4): view('absen_masuk')
#4 D:\1.WEB_SERVER\laragon\www\fingerspot\system\View\View.php(230): include('D:\\1.WEB_SERVER...')
#5 D:\1.WEB_SERVER\laragon\www\fingerspot\system\View\View.php(232): CodeIgniter\View\View->CodeIgniter\View\{closure}()
#6 D:\1.WEB_SERVER\laragon\www\fingerspot\system\Common.php(1271): CodeIgniter\View\View->render('layout/conten.p...', Array, true)
#7 D:\1.WEB_SERVER\laragon\www\fingerspot\app\Views\layout\wrapper.php(5): view('layout/conten.p...')
#8 D:\1.WEB_SERVER\laragon\www\fingerspot\system\View\View.php(230): include('D:\\1.WEB_SERVER...')
#9 D:\1.WEB_SERVER\laragon\www\fingerspot\system\View\View.php(232): CodeIgniter\View\View->CodeIgniter\View\{closure}()
#10 D:\1.WEB_SERVER\laragon\www\fingerspot\system\Common.php(1271): CodeIgniter\View\View->render('layout/wrapper', Array, true)
#11 D:\1.WEB_SERVER\laragon\www\fingerspot\app\Controllers\Home.php(33): view('layout/wrapper', Array)
#12 D:\1.WEB_SERVER\laragon\www\fingerspot\system\CodeIgniter.php(928): App\Controllers\Home->absen_masuk()
#13 D:\1.WEB_SERVER\laragon\www\fingerspot\system\CodeIgniter.php(436): CodeIgniter\CodeIgniter->runController(Object(App\Controllers\Home))
#14 D:\1.WEB_SERVER\laragon\www\fingerspot\system\CodeIgniter.php(336): CodeIgniter\CodeIgniter->handleRequest(NULL, Object(Config\Cache), false)
#15 D:\1.WEB_SERVER\laragon\www\fingerspot\public\index.php(37): CodeIgniter\CodeIgniter->run()
#16 D:\1.WEB_SERVER\laragon\www\fingerspot\system\Commands\Server\rewrite.php(45): require_once('D:\\1.WEB_SERVER...')
#17 {main}
CRITICAL - 2021-07-17 09:53:45 --> Cannot use object of type stdClass as array
#0 D:\1.WEB_SERVER\laragon\www\fingerspot\system\View\View.php(230): include()
#1 D:\1.WEB_SERVER\laragon\www\fingerspot\system\View\View.php(232): CodeIgniter\View\View->CodeIgniter\View\{closure}()
#2 D:\1.WEB_SERVER\laragon\www\fingerspot\system\Common.php(1271): CodeIgniter\View\View->render('absen_masuk', Array, true)
#3 D:\1.WEB_SERVER\laragon\www\fingerspot\app\Views\layout\conten.php(4): view('absen_masuk')
#4 D:\1.WEB_SERVER\laragon\www\fingerspot\system\View\View.php(230): include('D:\\1.WEB_SERVER...')
#5 D:\1.WEB_SERVER\laragon\www\fingerspot\system\View\View.php(232): CodeIgniter\View\View->CodeIgniter\View\{closure}()
#6 D:\1.WEB_SERVER\laragon\www\fingerspot\system\Common.php(1271): CodeIgniter\View\View->render('layout/conten.p...', Array, true)
#7 D:\1.WEB_SERVER\laragon\www\fingerspot\app\Views\layout\wrapper.php(5): view('layout/conten.p...')
#8 D:\1.WEB_SERVER\laragon\www\fingerspot\system\View\View.php(230): include('D:\\1.WEB_SERVER...')
#9 D:\1.WEB_SERVER\laragon\www\fingerspot\system\View\View.php(232): CodeIgniter\View\View->CodeIgniter\View\{closure}()
#10 D:\1.WEB_SERVER\laragon\www\fingerspot\system\Common.php(1271): CodeIgniter\View\View->render('layout/wrapper', Array, true)
#11 D:\1.WEB_SERVER\laragon\www\fingerspot\app\Controllers\Home.php(33): view('layout/wrapper', Array)
#12 D:\1.WEB_SERVER\laragon\www\fingerspot\system\CodeIgniter.php(928): App\Controllers\Home->absen_masuk()
#13 D:\1.WEB_SERVER\laragon\www\fingerspot\system\CodeIgniter.php(436): CodeIgniter\CodeIgniter->runController(Object(App\Controllers\Home))
#14 D:\1.WEB_SERVER\laragon\www\fingerspot\system\CodeIgniter.php(336): CodeIgniter\CodeIgniter->handleRequest(NULL, Object(Config\Cache), false)
#15 D:\1.WEB_SERVER\laragon\www\fingerspot\public\index.php(37): CodeIgniter\CodeIgniter->run()
#16 D:\1.WEB_SERVER\laragon\www\fingerspot\system\Commands\Server\rewrite.php(45): require_once('D:\\1.WEB_SERVER...')
#17 {main}
CRITICAL - 2021-07-17 09:54:02 --> Cannot use object of type stdClass as array
#0 D:\1.WEB_SERVER\laragon\www\fingerspot\system\View\View.php(230): include()
#1 D:\1.WEB_SERVER\laragon\www\fingerspot\system\View\View.php(232): CodeIgniter\View\View->CodeIgniter\View\{closure}()
#2 D:\1.WEB_SERVER\laragon\www\fingerspot\system\Common.php(1271): CodeIgniter\View\View->render('absen_masuk', Array, true)
#3 D:\1.WEB_SERVER\laragon\www\fingerspot\app\Views\layout\conten.php(4): view('absen_masuk')
#4 D:\1.WEB_SERVER\laragon\www\fingerspot\system\View\View.php(230): include('D:\\1.WEB_SERVER...')
#5 D:\1.WEB_SERVER\laragon\www\fingerspot\system\View\View.php(232): CodeIgniter\View\View->CodeIgniter\View\{closure}()
#6 D:\1.WEB_SERVER\laragon\www\fingerspot\system\Common.php(1271): CodeIgniter\View\View->render('layout/conten.p...', Array, true)
#7 D:\1.WEB_SERVER\laragon\www\fingerspot\app\Views\layout\wrapper.php(5): view('layout/conten.p...')
#8 D:\1.WEB_SERVER\laragon\www\fingerspot\system\View\View.php(230): include('D:\\1.WEB_SERVER...')
#9 D:\1.WEB_SERVER\laragon\www\fingerspot\system\View\View.php(232): CodeIgniter\View\View->CodeIgniter\View\{closure}()
#10 D:\1.WEB_SERVER\laragon\www\fingerspot\system\Common.php(1271): CodeIgniter\View\View->render('layout/wrapper', Array, true)
#11 D:\1.WEB_SERVER\laragon\www\fingerspot\app\Controllers\Home.php(33): view('layout/wrapper', Array)
#12 D:\1.WEB_SERVER\laragon\www\fingerspot\system\CodeIgniter.php(928): App\Controllers\Home->absen_masuk()
#13 D:\1.WEB_SERVER\laragon\www\fingerspot\system\CodeIgniter.php(436): CodeIgniter\CodeIgniter->runController(Object(App\Controllers\Home))
#14 D:\1.WEB_SERVER\laragon\www\fingerspot\system\CodeIgniter.php(336): CodeIgniter\CodeIgniter->handleRequest(NULL, Object(Config\Cache), false)
#15 D:\1.WEB_SERVER\laragon\www\fingerspot\public\index.php(37): CodeIgniter\CodeIgniter->run()
#16 D:\1.WEB_SERVER\laragon\www\fingerspot\system\Commands\Server\rewrite.php(45): require_once('D:\\1.WEB_SERVER...')
#17 {main}
