CRITICAL - 2021-07-18 00:34:08 --> array_rand(): Second argument has to be between 1 and the number of elements in the array
#0 [internal function]: CodeIgniter\Debug\Exceptions->errorHandler(2, 'array_rand(): S...', 'D:\\1.WEB_SERVER...', 50, Array)
#1 D:\1.WEB_SERVER\laragon\www\fingerspot\app\Views\absen_pulang.php(50): array_rand(Array, 0)
#2 D:\1.WEB_SERVER\laragon\www\fingerspot\system\View\View.php(230): include('D:\\1.WEB_SERVER...')
#3 D:\1.WEB_SERVER\laragon\www\fingerspot\system\View\View.php(232): CodeIgniter\View\View->CodeIgniter\View\{closure}()
#4 D:\1.WEB_SERVER\laragon\www\fingerspot\system\Common.php(1271): CodeIgniter\View\View->render('absen_pulang', Array, true)
#5 D:\1.WEB_SERVER\laragon\www\fingerspot\app\Views\layout\conten.php(4): view('absen_pulang')
#6 D:\1.WEB_SERVER\laragon\www\fingerspot\system\View\View.php(230): include('D:\\1.WEB_SERVER...')
#7 D:\1.WEB_SERVER\laragon\www\fingerspot\system\View\View.php(232): CodeIgniter\View\View->CodeIgniter\View\{closure}()
#8 D:\1.WEB_SERVER\laragon\www\fingerspot\system\Common.php(1271): CodeIgniter\View\View->render('layout/conten.p...', Array, true)
#9 D:\1.WEB_SERVER\laragon\www\fingerspot\app\Views\layout\wrapper.php(5): view('layout/conten.p...')
#10 D:\1.WEB_SERVER\laragon\www\fingerspot\system\View\View.php(230): include('D:\\1.WEB_SERVER...')
#11 D:\1.WEB_SERVER\laragon\www\fingerspot\system\View\View.php(232): CodeIgniter\View\View->CodeIgniter\View\{closure}()
#12 D:\1.WEB_SERVER\laragon\www\fingerspot\system\Common.php(1271): CodeIgniter\View\View->render('layout/wrapper', Array, true)
#13 D:\1.WEB_SERVER\laragon\www\fingerspot\app\Controllers\Home.php(44): view('layout/wrapper', Array)
#14 D:\1.WEB_SERVER\laragon\www\fingerspot\system\CodeIgniter.php(928): App\Controllers\Home->absen_pulang()
#15 D:\1.WEB_SERVER\laragon\www\fingerspot\system\CodeIgniter.php(436): CodeIgniter\CodeIgniter->runController(Object(App\Controllers\Home))
#16 D:\1.WEB_SERVER\laragon\www\fingerspot\system\CodeIgniter.php(336): CodeIgniter\CodeIgniter->handleRequest(NULL, Object(Config\Cache), false)
#17 D:\1.WEB_SERVER\laragon\www\fingerspot\public\index.php(37): CodeIgniter\CodeIgniter->run()
#18 D:\1.WEB_SERVER\laragon\www\fingerspot\system\Commands\Server\rewrite.php(45): require_once('D:\\1.WEB_SERVER...')
#19 {main}
CRITICAL - 2021-07-18 00:34:42 --> shuffle() expects exactly 1 parameter, 0 given
#0 [internal function]: CodeIgniter\Debug\Exceptions->errorHandler(2, 'shuffle() expec...', 'D:\\1.WEB_SERVER...', 50, Array)
#1 D:\1.WEB_SERVER\laragon\www\fingerspot\app\Views\absen_pulang.php(50): shuffle()
#2 D:\1.WEB_SERVER\laragon\www\fingerspot\system\View\View.php(230): include('D:\\1.WEB_SERVER...')
#3 D:\1.WEB_SERVER\laragon\www\fingerspot\system\View\View.php(232): CodeIgniter\View\View->CodeIgniter\View\{closure}()
#4 D:\1.WEB_SERVER\laragon\www\fingerspot\system\Common.php(1271): CodeIgniter\View\View->render('absen_pulang', Array, true)
#5 D:\1.WEB_SERVER\laragon\www\fingerspot\app\Views\layout\conten.php(4): view('absen_pulang')
#6 D:\1.WEB_SERVER\laragon\www\fingerspot\system\View\View.php(230): include('D:\\1.WEB_SERVER...')
#7 D:\1.WEB_SERVER\laragon\www\fingerspot\system\View\View.php(232): CodeIgniter\View\View->CodeIgniter\View\{closure}()
#8 D:\1.WEB_SERVER\laragon\www\fingerspot\system\Common.php(1271): CodeIgniter\View\View->render('layout/conten.p...', Array, true)
#9 D:\1.WEB_SERVER\laragon\www\fingerspot\app\Views\layout\wrapper.php(5): view('layout/conten.p...')
#10 D:\1.WEB_SERVER\laragon\www\fingerspot\system\View\View.php(230): include('D:\\1.WEB_SERVER...')
#11 D:\1.WEB_SERVER\laragon\www\fingerspot\system\View\View.php(232): CodeIgniter\View\View->CodeIgniter\View\{closure}()
#12 D:\1.WEB_SERVER\laragon\www\fingerspot\system\Common.php(1271): CodeIgniter\View\View->render('layout/wrapper', Array, true)
#13 D:\1.WEB_SERVER\laragon\www\fingerspot\app\Controllers\Home.php(44): view('layout/wrapper', Array)
#14 D:\1.WEB_SERVER\laragon\www\fingerspot\system\CodeIgniter.php(928): App\Controllers\Home->absen_pulang()
#15 D:\1.WEB_SERVER\laragon\www\fingerspot\system\CodeIgniter.php(436): CodeIgniter\CodeIgniter->runController(Object(App\Controllers\Home))
#16 D:\1.WEB_SERVER\laragon\www\fingerspot\system\CodeIgniter.php(336): CodeIgniter\CodeIgniter->handleRequest(NULL, Object(Config\Cache), false)
#17 D:\1.WEB_SERVER\laragon\www\fingerspot\public\index.php(37): CodeIgniter\CodeIgniter->run()
#18 D:\1.WEB_SERVER\laragon\www\fingerspot\system\Commands\Server\rewrite.php(45): require_once('D:\\1.WEB_SERVER...')
#19 {main}
CRITICAL - 2021-07-18 00:42:20 --> Invalid file: absen_masuk.php
#0 D:\1.WEB_SERVER\laragon\www\fingerspot\system\View\View.php(213): CodeIgniter\Exceptions\FrameworkException::forInvalidFile('absen_masuk.php')
#1 D:\1.WEB_SERVER\laragon\www\fingerspot\system\Common.php(1271): CodeIgniter\View\View->render('absen_masuk', Array, true)
#2 D:\1.WEB_SERVER\laragon\www\fingerspot\app\Views\layout\conten.php(4): view('absen_masuk')
#3 D:\1.WEB_SERVER\laragon\www\fingerspot\system\View\View.php(230): include('D:\\1.WEB_SERVER...')
#4 D:\1.WEB_SERVER\laragon\www\fingerspot\system\View\View.php(232): CodeIgniter\View\View->CodeIgniter\View\{closure}()
#5 D:\1.WEB_SERVER\laragon\www\fingerspot\system\Common.php(1271): CodeIgniter\View\View->render('layout/conten.p...', Array, true)
#6 D:\1.WEB_SERVER\laragon\www\fingerspot\app\Views\layout\wrapper.php(5): view('layout/conten.p...')
#7 D:\1.WEB_SERVER\laragon\www\fingerspot\system\View\View.php(230): include('D:\\1.WEB_SERVER...')
#8 D:\1.WEB_SERVER\laragon\www\fingerspot\system\View\View.php(232): CodeIgniter\View\View->CodeIgniter\View\{closure}()
#9 D:\1.WEB_SERVER\laragon\www\fingerspot\system\Common.php(1271): CodeIgniter\View\View->render('layout/wrapper', Array, true)
#10 D:\1.WEB_SERVER\laragon\www\fingerspot\app\Controllers\Home.php(33): view('layout/wrapper', Array)
#11 D:\1.WEB_SERVER\laragon\www\fingerspot\system\CodeIgniter.php(928): App\Controllers\Home->pegawai()
#12 D:\1.WEB_SERVER\laragon\www\fingerspot\system\CodeIgniter.php(436): CodeIgniter\CodeIgniter->runController(Object(App\Controllers\Home))
#13 D:\1.WEB_SERVER\laragon\www\fingerspot\system\CodeIgniter.php(336): CodeIgniter\CodeIgniter->handleRequest(NULL, Object(Config\Cache), false)
#14 D:\1.WEB_SERVER\laragon\www\fingerspot\public\index.php(37): CodeIgniter\CodeIgniter->run()
#15 D:\1.WEB_SERVER\laragon\www\fingerspot\system\Commands\Server\rewrite.php(45): require_once('D:\\1.WEB_SERVER...')
#16 {main}
CRITICAL - 2021-07-18 01:37:27 --> syntax error, unexpected ')'
#0 D:\1.WEB_SERVER\laragon\www\fingerspot\system\Router\Router.php(169): CodeIgniter\Router\Router->autoRoute('home/absen')
#1 D:\1.WEB_SERVER\laragon\www\fingerspot\system\CodeIgniter.php(809): CodeIgniter\Router\Router->handle('home/absen')
#2 D:\1.WEB_SERVER\laragon\www\fingerspot\system\CodeIgniter.php(389): CodeIgniter\CodeIgniter->tryToRouteIt(Object(CodeIgniter\Router\RouteCollection))
#3 D:\1.WEB_SERVER\laragon\www\fingerspot\system\CodeIgniter.php(336): CodeIgniter\CodeIgniter->handleRequest(NULL, Object(Config\Cache), false)
#4 D:\1.WEB_SERVER\laragon\www\fingerspot\public\index.php(37): CodeIgniter\CodeIgniter->run()
#5 D:\1.WEB_SERVER\laragon\www\fingerspot\system\Commands\Server\rewrite.php(45): require_once('D:\\1.WEB_SERVER...')
#6 {main}
CRITICAL - 2021-07-18 01:37:36 --> syntax error, unexpected ')'
#0 D:\1.WEB_SERVER\laragon\www\fingerspot\system\Router\Router.php(169): CodeIgniter\Router\Router->autoRoute('home/absen')
#1 D:\1.WEB_SERVER\laragon\www\fingerspot\system\CodeIgniter.php(809): CodeIgniter\Router\Router->handle('home/absen')
#2 D:\1.WEB_SERVER\laragon\www\fingerspot\system\CodeIgniter.php(389): CodeIgniter\CodeIgniter->tryToRouteIt(Object(CodeIgniter\Router\RouteCollection))
#3 D:\1.WEB_SERVER\laragon\www\fingerspot\system\CodeIgniter.php(336): CodeIgniter\CodeIgniter->handleRequest(NULL, Object(Config\Cache), false)
#4 D:\1.WEB_SERVER\laragon\www\fingerspot\public\index.php(37): CodeIgniter\CodeIgniter->run()
#5 D:\1.WEB_SERVER\laragon\www\fingerspot\system\Commands\Server\rewrite.php(45): require_once('D:\\1.WEB_SERVER...')
#6 {main}
CRITICAL - 2021-07-18 01:37:36 --> syntax error, unexpected ')'
#0 D:\1.WEB_SERVER\laragon\www\fingerspot\system\Router\Router.php(169): CodeIgniter\Router\Router->autoRoute('home/absen')
#1 D:\1.WEB_SERVER\laragon\www\fingerspot\system\CodeIgniter.php(809): CodeIgniter\Router\Router->handle('home/absen')
#2 D:\1.WEB_SERVER\laragon\www\fingerspot\system\CodeIgniter.php(389): CodeIgniter\CodeIgniter->tryToRouteIt(Object(CodeIgniter\Router\RouteCollection))
#3 D:\1.WEB_SERVER\laragon\www\fingerspot\system\CodeIgniter.php(336): CodeIgniter\CodeIgniter->handleRequest(NULL, Object(Config\Cache), false)
#4 D:\1.WEB_SERVER\laragon\www\fingerspot\public\index.php(37): CodeIgniter\CodeIgniter->run()
#5 D:\1.WEB_SERVER\laragon\www\fingerspot\system\Commands\Server\rewrite.php(45): require_once('D:\\1.WEB_SERVER...')
#6 {main}
CRITICAL - 2021-07-18 01:37:36 --> syntax error, unexpected ')'
#0 D:\1.WEB_SERVER\laragon\www\fingerspot\system\Router\Router.php(169): CodeIgniter\Router\Router->autoRoute('home/absen')
#1 D:\1.WEB_SERVER\laragon\www\fingerspot\system\CodeIgniter.php(809): CodeIgniter\Router\Router->handle('home/absen')
#2 D:\1.WEB_SERVER\laragon\www\fingerspot\system\CodeIgniter.php(389): CodeIgniter\CodeIgniter->tryToRouteIt(Object(CodeIgniter\Router\RouteCollection))
#3 D:\1.WEB_SERVER\laragon\www\fingerspot\system\CodeIgniter.php(336): CodeIgniter\CodeIgniter->handleRequest(NULL, Object(Config\Cache), false)
#4 D:\1.WEB_SERVER\laragon\www\fingerspot\public\index.php(37): CodeIgniter\CodeIgniter->run()
#5 D:\1.WEB_SERVER\laragon\www\fingerspot\system\Commands\Server\rewrite.php(45): require_once('D:\\1.WEB_SERVER...')
#6 {main}
CRITICAL - 2021-07-18 01:37:37 --> syntax error, unexpected ')'
#0 D:\1.WEB_SERVER\laragon\www\fingerspot\system\Router\Router.php(169): CodeIgniter\Router\Router->autoRoute('home/absen')
#1 D:\1.WEB_SERVER\laragon\www\fingerspot\system\CodeIgniter.php(809): CodeIgniter\Router\Router->handle('home/absen')
#2 D:\1.WEB_SERVER\laragon\www\fingerspot\system\CodeIgniter.php(389): CodeIgniter\CodeIgniter->tryToRouteIt(Object(CodeIgniter\Router\RouteCollection))
#3 D:\1.WEB_SERVER\laragon\www\fingerspot\system\CodeIgniter.php(336): CodeIgniter\CodeIgniter->handleRequest(NULL, Object(Config\Cache), false)
#4 D:\1.WEB_SERVER\laragon\www\fingerspot\public\index.php(37): CodeIgniter\CodeIgniter->run()
#5 D:\1.WEB_SERVER\laragon\www\fingerspot\system\Commands\Server\rewrite.php(45): require_once('D:\\1.WEB_SERVER...')
#6 {main}
CRITICAL - 2021-07-18 01:37:37 --> syntax error, unexpected ')'
#0 D:\1.WEB_SERVER\laragon\www\fingerspot\system\Router\Router.php(169): CodeIgniter\Router\Router->autoRoute('home/absen')
#1 D:\1.WEB_SERVER\laragon\www\fingerspot\system\CodeIgniter.php(809): CodeIgniter\Router\Router->handle('home/absen')
#2 D:\1.WEB_SERVER\laragon\www\fingerspot\system\CodeIgniter.php(389): CodeIgniter\CodeIgniter->tryToRouteIt(Object(CodeIgniter\Router\RouteCollection))
#3 D:\1.WEB_SERVER\laragon\www\fingerspot\system\CodeIgniter.php(336): CodeIgniter\CodeIgniter->handleRequest(NULL, Object(Config\Cache), false)
#4 D:\1.WEB_SERVER\laragon\www\fingerspot\public\index.php(37): CodeIgniter\CodeIgniter->run()
#5 D:\1.WEB_SERVER\laragon\www\fingerspot\system\Commands\Server\rewrite.php(45): require_once('D:\\1.WEB_SERVER...')
#6 {main}
CRITICAL - 2021-07-18 01:38:12 --> Call to a member function findAll() on null
#0 D:\1.WEB_SERVER\laragon\www\fingerspot\system\CodeIgniter.php(928): App\Controllers\Home->saveAbsen()
#1 D:\1.WEB_SERVER\laragon\www\fingerspot\system\CodeIgniter.php(436): CodeIgniter\CodeIgniter->runController(Object(App\Controllers\Home))
#2 D:\1.WEB_SERVER\laragon\www\fingerspot\system\CodeIgniter.php(336): CodeIgniter\CodeIgniter->handleRequest(NULL, Object(Config\Cache), false)
#3 D:\1.WEB_SERVER\laragon\www\fingerspot\public\index.php(37): CodeIgniter\CodeIgniter->run()
#4 D:\1.WEB_SERVER\laragon\www\fingerspot\system\Commands\Server\rewrite.php(45): require_once('D:\\1.WEB_SERVER...')
#5 {main}
CRITICAL - 2021-07-18 01:44:35 --> Call to a member function findAll() on null
#0 D:\1.WEB_SERVER\laragon\www\fingerspot\system\CodeIgniter.php(928): App\Controllers\Home->saveAbsen()
#1 D:\1.WEB_SERVER\laragon\www\fingerspot\system\CodeIgniter.php(436): CodeIgniter\CodeIgniter->runController(Object(App\Controllers\Home))
#2 D:\1.WEB_SERVER\laragon\www\fingerspot\system\CodeIgniter.php(336): CodeIgniter\CodeIgniter->handleRequest(NULL, Object(Config\Cache), false)
#3 D:\1.WEB_SERVER\laragon\www\fingerspot\public\index.php(37): CodeIgniter\CodeIgniter->run()
#4 D:\1.WEB_SERVER\laragon\www\fingerspot\system\Commands\Server\rewrite.php(45): require_once('D:\\1.WEB_SERVER...')
#5 {main}
CRITICAL - 2021-07-18 01:59:01 --> syntax error, unexpected ';', expecting ':'
#0 D:\1.WEB_SERVER\laragon\www\fingerspot\system\View\View.php(232): CodeIgniter\View\View->CodeIgniter\View\{closure}()
#1 D:\1.WEB_SERVER\laragon\www\fingerspot\system\Common.php(1271): CodeIgniter\View\View->render('absen', Array, true)
#2 D:\1.WEB_SERVER\laragon\www\fingerspot\app\Views\layout\conten.php(4): view('absen')
#3 D:\1.WEB_SERVER\laragon\www\fingerspot\system\View\View.php(230): include('D:\\1.WEB_SERVER...')
#4 D:\1.WEB_SERVER\laragon\www\fingerspot\system\View\View.php(232): CodeIgniter\View\View->CodeIgniter\View\{closure}()
#5 D:\1.WEB_SERVER\laragon\www\fingerspot\system\Common.php(1271): CodeIgniter\View\View->render('layout/conten.p...', Array, true)
#6 D:\1.WEB_SERVER\laragon\www\fingerspot\app\Views\layout\wrapper.php(5): view('layout/conten.p...')
#7 D:\1.WEB_SERVER\laragon\www\fingerspot\system\View\View.php(230): include('D:\\1.WEB_SERVER...')
#8 D:\1.WEB_SERVER\laragon\www\fingerspot\system\View\View.php(232): CodeIgniter\View\View->CodeIgniter\View\{closure}()
#9 D:\1.WEB_SERVER\laragon\www\fingerspot\system\Common.php(1271): CodeIgniter\View\View->render('layout/wrapper', Array, true)
#10 D:\1.WEB_SERVER\laragon\www\fingerspot\app\Controllers\Home.php(45): view('layout/wrapper', Array)
#11 D:\1.WEB_SERVER\laragon\www\fingerspot\system\CodeIgniter.php(928): App\Controllers\Home->absen()
#12 D:\1.WEB_SERVER\laragon\www\fingerspot\system\CodeIgniter.php(436): CodeIgniter\CodeIgniter->runController(Object(App\Controllers\Home))
#13 D:\1.WEB_SERVER\laragon\www\fingerspot\system\CodeIgniter.php(336): CodeIgniter\CodeIgniter->handleRequest(NULL, Object(Config\Cache), false)
#14 D:\1.WEB_SERVER\laragon\www\fingerspot\public\index.php(37): CodeIgniter\CodeIgniter->run()
#15 D:\1.WEB_SERVER\laragon\www\fingerspot\system\Commands\Server\rewrite.php(45): require_once('D:\\1.WEB_SERVER...')
#16 {main}
CRITICAL - 2021-07-18 03:08:00 --> Undefined property: CodeIgniter\Validation\Validation::$listErrors
#0 D:\1.WEB_SERVER\laragon\www\fingerspot\app\Controllers\Home.php(113): CodeIgniter\Debug\Exceptions->errorHandler(8, 'Undefined prope...', 'D:\\1.WEB_SERVER...', 113, Array)
#1 D:\1.WEB_SERVER\laragon\www\fingerspot\system\CodeIgniter.php(928): App\Controllers\Home->saveAbsenPulang()
#2 D:\1.WEB_SERVER\laragon\www\fingerspot\system\CodeIgniter.php(436): CodeIgniter\CodeIgniter->runController(Object(App\Controllers\Home))
#3 D:\1.WEB_SERVER\laragon\www\fingerspot\system\CodeIgniter.php(336): CodeIgniter\CodeIgniter->handleRequest(NULL, Object(Config\Cache), false)
#4 D:\1.WEB_SERVER\laragon\www\fingerspot\public\index.php(37): CodeIgniter\CodeIgniter->run()
#5 D:\1.WEB_SERVER\laragon\www\fingerspot\system\Commands\Server\rewrite.php(45): require_once('D:\\1.WEB_SERVER...')
#6 {main}
CRITICAL - 2021-07-18 03:14:51 --> syntax error, unexpected '"16:21"' (T_CONSTANT_ENCAPSED_STRING), expecting ')'
#0 D:\1.WEB_SERVER\laragon\www\fingerspot\system\View\View.php(232): CodeIgniter\View\View->CodeIgniter\View\{closure}()
#1 D:\1.WEB_SERVER\laragon\www\fingerspot\system\Common.php(1271): CodeIgniter\View\View->render('absen', Array, true)
#2 D:\1.WEB_SERVER\laragon\www\fingerspot\app\Views\layout\conten.php(4): view('absen')
#3 D:\1.WEB_SERVER\laragon\www\fingerspot\system\View\View.php(230): include('D:\\1.WEB_SERVER...')
#4 D:\1.WEB_SERVER\laragon\www\fingerspot\system\View\View.php(232): CodeIgniter\View\View->CodeIgniter\View\{closure}()
#5 D:\1.WEB_SERVER\laragon\www\fingerspot\system\Common.php(1271): CodeIgniter\View\View->render('layout/conten.p...', Array, true)
#6 D:\1.WEB_SERVER\laragon\www\fingerspot\app\Views\layout\wrapper.php(5): view('layout/conten.p...')
#7 D:\1.WEB_SERVER\laragon\www\fingerspot\system\View\View.php(230): include('D:\\1.WEB_SERVER...')
#8 D:\1.WEB_SERVER\laragon\www\fingerspot\system\View\View.php(232): CodeIgniter\View\View->CodeIgniter\View\{closure}()
#9 D:\1.WEB_SERVER\laragon\www\fingerspot\system\Common.php(1271): CodeIgniter\View\View->render('layout/wrapper', Array, true)
#10 D:\1.WEB_SERVER\laragon\www\fingerspot\app\Controllers\Home.php(45): view('layout/wrapper', Array)
#11 D:\1.WEB_SERVER\laragon\www\fingerspot\system\CodeIgniter.php(928): App\Controllers\Home->absen()
#12 D:\1.WEB_SERVER\laragon\www\fingerspot\system\CodeIgniter.php(436): CodeIgniter\CodeIgniter->runController(Object(App\Controllers\Home))
#13 D:\1.WEB_SERVER\laragon\www\fingerspot\system\CodeIgniter.php(336): CodeIgniter\CodeIgniter->handleRequest(NULL, Object(Config\Cache), false)
#14 D:\1.WEB_SERVER\laragon\www\fingerspot\public\index.php(37): CodeIgniter\CodeIgniter->run()
#15 D:\1.WEB_SERVER\laragon\www\fingerspot\system\Commands\Server\rewrite.php(45): require_once('D:\\1.WEB_SERVER...')
#16 {main}
CRITICAL - 2021-07-18 03:15:41 --> Trying to access array offset on value of type int
#0 D:\1.WEB_SERVER\laragon\www\fingerspot\app\Views\absen.php(147): CodeIgniter\Debug\Exceptions->errorHandler(8, 'Trying to acces...', 'D:\\1.WEB_SERVER...', 147, Array)
#1 D:\1.WEB_SERVER\laragon\www\fingerspot\system\View\View.php(230): include('D:\\1.WEB_SERVER...')
#2 D:\1.WEB_SERVER\laragon\www\fingerspot\system\View\View.php(232): CodeIgniter\View\View->CodeIgniter\View\{closure}()
#3 D:\1.WEB_SERVER\laragon\www\fingerspot\system\Common.php(1271): CodeIgniter\View\View->render('absen', Array, true)
#4 D:\1.WEB_SERVER\laragon\www\fingerspot\app\Views\layout\conten.php(4): view('absen')
#5 D:\1.WEB_SERVER\laragon\www\fingerspot\system\View\View.php(230): include('D:\\1.WEB_SERVER...')
#6 D:\1.WEB_SERVER\laragon\www\fingerspot\system\View\View.php(232): CodeIgniter\View\View->CodeIgniter\View\{closure}()
#7 D:\1.WEB_SERVER\laragon\www\fingerspot\system\Common.php(1271): CodeIgniter\View\View->render('layout/conten.p...', Array, true)
#8 D:\1.WEB_SERVER\laragon\www\fingerspot\app\Views\layout\wrapper.php(5): view('layout/conten.p...')
#9 D:\1.WEB_SERVER\laragon\www\fingerspot\system\View\View.php(230): include('D:\\1.WEB_SERVER...')
#10 D:\1.WEB_SERVER\laragon\www\fingerspot\system\View\View.php(232): CodeIgniter\View\View->CodeIgniter\View\{closure}()
#11 D:\1.WEB_SERVER\laragon\www\fingerspot\system\Common.php(1271): CodeIgniter\View\View->render('layout/wrapper', Array, true)
#12 D:\1.WEB_SERVER\laragon\www\fingerspot\app\Controllers\Home.php(45): view('layout/wrapper', Array)
#13 D:\1.WEB_SERVER\laragon\www\fingerspot\system\CodeIgniter.php(928): App\Controllers\Home->absen()
#14 D:\1.WEB_SERVER\laragon\www\fingerspot\system\CodeIgniter.php(436): CodeIgniter\CodeIgniter->runController(Object(App\Controllers\Home))
#15 D:\1.WEB_SERVER\laragon\www\fingerspot\system\CodeIgniter.php(336): CodeIgniter\CodeIgniter->handleRequest(NULL, Object(Config\Cache), false)
#16 D:\1.WEB_SERVER\laragon\www\fingerspot\public\index.php(37): CodeIgniter\CodeIgniter->run()
#17 D:\1.WEB_SERVER\laragon\www\fingerspot\system\Commands\Server\rewrite.php(45): require_once('D:\\1.WEB_SERVER...')
#18 {main}
CRITICAL - 2021-07-18 03:17:39 --> syntax error, unexpected ':', expecting ';' or ','
#0 D:\1.WEB_SERVER\laragon\www\fingerspot\system\View\View.php(232): CodeIgniter\View\View->CodeIgniter\View\{closure}()
#1 D:\1.WEB_SERVER\laragon\www\fingerspot\system\Common.php(1271): CodeIgniter\View\View->render('absen', Array, true)
#2 D:\1.WEB_SERVER\laragon\www\fingerspot\app\Views\layout\conten.php(4): view('absen')
#3 D:\1.WEB_SERVER\laragon\www\fingerspot\system\View\View.php(230): include('D:\\1.WEB_SERVER...')
#4 D:\1.WEB_SERVER\laragon\www\fingerspot\system\View\View.php(232): CodeIgniter\View\View->CodeIgniter\View\{closure}()
#5 D:\1.WEB_SERVER\laragon\www\fingerspot\system\Common.php(1271): CodeIgniter\View\View->render('layout/conten.p...', Array, true)
#6 D:\1.WEB_SERVER\laragon\www\fingerspot\app\Views\layout\wrapper.php(5): view('layout/conten.p...')
#7 D:\1.WEB_SERVER\laragon\www\fingerspot\system\View\View.php(230): include('D:\\1.WEB_SERVER...')
#8 D:\1.WEB_SERVER\laragon\www\fingerspot\system\View\View.php(232): CodeIgniter\View\View->CodeIgniter\View\{closure}()
#9 D:\1.WEB_SERVER\laragon\www\fingerspot\system\Common.php(1271): CodeIgniter\View\View->render('layout/wrapper', Array, true)
#10 D:\1.WEB_SERVER\laragon\www\fingerspot\app\Controllers\Home.php(45): view('layout/wrapper', Array)
#11 D:\1.WEB_SERVER\laragon\www\fingerspot\system\CodeIgniter.php(928): App\Controllers\Home->absen()
#12 D:\1.WEB_SERVER\laragon\www\fingerspot\system\CodeIgniter.php(436): CodeIgniter\CodeIgniter->runController(Object(App\Controllers\Home))
#13 D:\1.WEB_SERVER\laragon\www\fingerspot\system\CodeIgniter.php(336): CodeIgniter\CodeIgniter->handleRequest(NULL, Object(Config\Cache), false)
#14 D:\1.WEB_SERVER\laragon\www\fingerspot\public\index.php(37): CodeIgniter\CodeIgniter->run()
#15 D:\1.WEB_SERVER\laragon\www\fingerspot\system\Commands\Server\rewrite.php(45): require_once('D:\\1.WEB_SERVER...')
#16 {main}
CRITICAL - 2021-07-18 03:17:48 --> syntax error, unexpected ':', expecting end of file
#0 D:\1.WEB_SERVER\laragon\www\fingerspot\system\View\View.php(232): CodeIgniter\View\View->CodeIgniter\View\{closure}()
#1 D:\1.WEB_SERVER\laragon\www\fingerspot\system\Common.php(1271): CodeIgniter\View\View->render('absen', Array, true)
#2 D:\1.WEB_SERVER\laragon\www\fingerspot\app\Views\layout\conten.php(4): view('absen')
#3 D:\1.WEB_SERVER\laragon\www\fingerspot\system\View\View.php(230): include('D:\\1.WEB_SERVER...')
#4 D:\1.WEB_SERVER\laragon\www\fingerspot\system\View\View.php(232): CodeIgniter\View\View->CodeIgniter\View\{closure}()
#5 D:\1.WEB_SERVER\laragon\www\fingerspot\system\Common.php(1271): CodeIgniter\View\View->render('layout/conten.p...', Array, true)
#6 D:\1.WEB_SERVER\laragon\www\fingerspot\app\Views\layout\wrapper.php(5): view('layout/conten.p...')
#7 D:\1.WEB_SERVER\laragon\www\fingerspot\system\View\View.php(230): include('D:\\1.WEB_SERVER...')
#8 D:\1.WEB_SERVER\laragon\www\fingerspot\system\View\View.php(232): CodeIgniter\View\View->CodeIgniter\View\{closure}()
#9 D:\1.WEB_SERVER\laragon\www\fingerspot\system\Common.php(1271): CodeIgniter\View\View->render('layout/wrapper', Array, true)
#10 D:\1.WEB_SERVER\laragon\www\fingerspot\app\Controllers\Home.php(45): view('layout/wrapper', Array)
#11 D:\1.WEB_SERVER\laragon\www\fingerspot\system\CodeIgniter.php(928): App\Controllers\Home->absen()
#12 D:\1.WEB_SERVER\laragon\www\fingerspot\system\CodeIgniter.php(436): CodeIgniter\CodeIgniter->runController(Object(App\Controllers\Home))
#13 D:\1.WEB_SERVER\laragon\www\fingerspot\system\CodeIgniter.php(336): CodeIgniter\CodeIgniter->handleRequest(NULL, Object(Config\Cache), false)
#14 D:\1.WEB_SERVER\laragon\www\fingerspot\public\index.php(37): CodeIgniter\CodeIgniter->run()
#15 D:\1.WEB_SERVER\laragon\www\fingerspot\system\Commands\Server\rewrite.php(45): require_once('D:\\1.WEB_SERVER...')
#16 {main}
CRITICAL - 2021-07-18 03:17:56 --> syntax error, unexpected ')', expecting ';' or ','
#0 D:\1.WEB_SERVER\laragon\www\fingerspot\system\View\View.php(232): CodeIgniter\View\View->CodeIgniter\View\{closure}()
#1 D:\1.WEB_SERVER\laragon\www\fingerspot\system\Common.php(1271): CodeIgniter\View\View->render('absen', Array, true)
#2 D:\1.WEB_SERVER\laragon\www\fingerspot\app\Views\layout\conten.php(4): view('absen')
#3 D:\1.WEB_SERVER\laragon\www\fingerspot\system\View\View.php(230): include('D:\\1.WEB_SERVER...')
#4 D:\1.WEB_SERVER\laragon\www\fingerspot\system\View\View.php(232): CodeIgniter\View\View->CodeIgniter\View\{closure}()
#5 D:\1.WEB_SERVER\laragon\www\fingerspot\system\Common.php(1271): CodeIgniter\View\View->render('layout/conten.p...', Array, true)
#6 D:\1.WEB_SERVER\laragon\www\fingerspot\app\Views\layout\wrapper.php(5): view('layout/conten.p...')
#7 D:\1.WEB_SERVER\laragon\www\fingerspot\system\View\View.php(230): include('D:\\1.WEB_SERVER...')
#8 D:\1.WEB_SERVER\laragon\www\fingerspot\system\View\View.php(232): CodeIgniter\View\View->CodeIgniter\View\{closure}()
#9 D:\1.WEB_SERVER\laragon\www\fingerspot\system\Common.php(1271): CodeIgniter\View\View->render('layout/wrapper', Array, true)
#10 D:\1.WEB_SERVER\laragon\www\fingerspot\app\Controllers\Home.php(45): view('layout/wrapper', Array)
#11 D:\1.WEB_SERVER\laragon\www\fingerspot\system\CodeIgniter.php(928): App\Controllers\Home->absen()
#12 D:\1.WEB_SERVER\laragon\www\fingerspot\system\CodeIgniter.php(436): CodeIgniter\CodeIgniter->runController(Object(App\Controllers\Home))
#13 D:\1.WEB_SERVER\laragon\www\fingerspot\system\CodeIgniter.php(336): CodeIgniter\CodeIgniter->handleRequest(NULL, Object(Config\Cache), false)
#14 D:\1.WEB_SERVER\laragon\www\fingerspot\public\index.php(37): CodeIgniter\CodeIgniter->run()
#15 D:\1.WEB_SERVER\laragon\www\fingerspot\system\Commands\Server\rewrite.php(45): require_once('D:\\1.WEB_SERVER...')
#16 {main}
CRITICAL - 2021-07-18 03:17:57 --> syntax error, unexpected ')', expecting ';' or ','
#0 D:\1.WEB_SERVER\laragon\www\fingerspot\system\View\View.php(232): CodeIgniter\View\View->CodeIgniter\View\{closure}()
#1 D:\1.WEB_SERVER\laragon\www\fingerspot\system\Common.php(1271): CodeIgniter\View\View->render('absen', Array, true)
#2 D:\1.WEB_SERVER\laragon\www\fingerspot\app\Views\layout\conten.php(4): view('absen')
#3 D:\1.WEB_SERVER\laragon\www\fingerspot\system\View\View.php(230): include('D:\\1.WEB_SERVER...')
#4 D:\1.WEB_SERVER\laragon\www\fingerspot\system\View\View.php(232): CodeIgniter\View\View->CodeIgniter\View\{closure}()
#5 D:\1.WEB_SERVER\laragon\www\fingerspot\system\Common.php(1271): CodeIgniter\View\View->render('layout/conten.p...', Array, true)
#6 D:\1.WEB_SERVER\laragon\www\fingerspot\app\Views\layout\wrapper.php(5): view('layout/conten.p...')
#7 D:\1.WEB_SERVER\laragon\www\fingerspot\system\View\View.php(230): include('D:\\1.WEB_SERVER...')
#8 D:\1.WEB_SERVER\laragon\www\fingerspot\system\View\View.php(232): CodeIgniter\View\View->CodeIgniter\View\{closure}()
#9 D:\1.WEB_SERVER\laragon\www\fingerspot\system\Common.php(1271): CodeIgniter\View\View->render('layout/wrapper', Array, true)
#10 D:\1.WEB_SERVER\laragon\www\fingerspot\app\Controllers\Home.php(45): view('layout/wrapper', Array)
#11 D:\1.WEB_SERVER\laragon\www\fingerspot\system\CodeIgniter.php(928): App\Controllers\Home->absen()
#12 D:\1.WEB_SERVER\laragon\www\fingerspot\system\CodeIgniter.php(436): CodeIgniter\CodeIgniter->runController(Object(App\Controllers\Home))
#13 D:\1.WEB_SERVER\laragon\www\fingerspot\system\CodeIgniter.php(336): CodeIgniter\CodeIgniter->handleRequest(NULL, Object(Config\Cache), false)
#14 D:\1.WEB_SERVER\laragon\www\fingerspot\public\index.php(37): CodeIgniter\CodeIgniter->run()
#15 D:\1.WEB_SERVER\laragon\www\fingerspot\system\Commands\Server\rewrite.php(45): require_once('D:\\1.WEB_SERVER...')
#16 {main}
CRITICAL - 2021-07-18 03:20:58 --> Undefined property: CodeIgniter\Validation\Validation::$listErrors
#0 D:\1.WEB_SERVER\laragon\www\fingerspot\app\Controllers\Home.php(59): CodeIgniter\Debug\Exceptions->errorHandler(8, 'Undefined prope...', 'D:\\1.WEB_SERVER...', 59, Array)
#1 D:\1.WEB_SERVER\laragon\www\fingerspot\system\CodeIgniter.php(928): App\Controllers\Home->saveAbsenMasuk()
#2 D:\1.WEB_SERVER\laragon\www\fingerspot\system\CodeIgniter.php(436): CodeIgniter\CodeIgniter->runController(Object(App\Controllers\Home))
#3 D:\1.WEB_SERVER\laragon\www\fingerspot\system\CodeIgniter.php(336): CodeIgniter\CodeIgniter->handleRequest(NULL, Object(Config\Cache), false)
#4 D:\1.WEB_SERVER\laragon\www\fingerspot\public\index.php(37): CodeIgniter\CodeIgniter->run()
#5 D:\1.WEB_SERVER\laragon\www\fingerspot\system\Commands\Server\rewrite.php(45): require_once('D:\\1.WEB_SERVER...')
#6 {main}
CRITICAL - 2021-07-18 03:29:21 --> Undefined variable: data
#0 D:\1.WEB_SERVER\laragon\www\fingerspot\app\Views\data_absen.php(39): CodeIgniter\Debug\Exceptions->errorHandler(8, 'Undefined varia...', 'D:\\1.WEB_SERVER...', 39, Array)
#1 D:\1.WEB_SERVER\laragon\www\fingerspot\system\View\View.php(230): include('D:\\1.WEB_SERVER...')
#2 D:\1.WEB_SERVER\laragon\www\fingerspot\system\View\View.php(232): CodeIgniter\View\View->CodeIgniter\View\{closure}()
#3 D:\1.WEB_SERVER\laragon\www\fingerspot\system\Common.php(1271): CodeIgniter\View\View->render('data_absen', Array, true)
#4 D:\1.WEB_SERVER\laragon\www\fingerspot\app\Views\layout\conten.php(4): view('data_absen')
#5 D:\1.WEB_SERVER\laragon\www\fingerspot\system\View\View.php(230): include('D:\\1.WEB_SERVER...')
#6 D:\1.WEB_SERVER\laragon\www\fingerspot\system\View\View.php(232): CodeIgniter\View\View->CodeIgniter\View\{closure}()
#7 D:\1.WEB_SERVER\laragon\www\fingerspot\system\Common.php(1271): CodeIgniter\View\View->render('layout/conten.p...', Array, true)
#8 D:\1.WEB_SERVER\laragon\www\fingerspot\app\Views\layout\wrapper.php(5): view('layout/conten.p...')
#9 D:\1.WEB_SERVER\laragon\www\fingerspot\system\View\View.php(230): include('D:\\1.WEB_SERVER...')
#10 D:\1.WEB_SERVER\laragon\www\fingerspot\system\View\View.php(232): CodeIgniter\View\View->CodeIgniter\View\{closure}()
#11 D:\1.WEB_SERVER\laragon\www\fingerspot\system\Common.php(1271): CodeIgniter\View\View->render('layout/wrapper', Array, true)
#12 D:\1.WEB_SERVER\laragon\www\fingerspot\app\Controllers\Home.php(56): view('layout/wrapper', Array)
#13 D:\1.WEB_SERVER\laragon\www\fingerspot\system\CodeIgniter.php(928): App\Controllers\Home->dataAbsen()
#14 D:\1.WEB_SERVER\laragon\www\fingerspot\system\CodeIgniter.php(436): CodeIgniter\CodeIgniter->runController(Object(App\Controllers\Home))
#15 D:\1.WEB_SERVER\laragon\www\fingerspot\system\CodeIgniter.php(336): CodeIgniter\CodeIgniter->handleRequest(NULL, Object(Config\Cache), false)
#16 D:\1.WEB_SERVER\laragon\www\fingerspot\public\index.php(37): CodeIgniter\CodeIgniter->run()
#17 D:\1.WEB_SERVER\laragon\www\fingerspot\system\Commands\Server\rewrite.php(45): require_once('D:\\1.WEB_SERVER...')
#18 {main}
CRITICAL - 2021-07-18 05:11:28 --> Call to a member function getUser() on array
#0 D:\1.WEB_SERVER\laragon\www\fingerspot\system\CodeIgniter.php(928): App\Controllers\Home->dataAbsen()
#1 D:\1.WEB_SERVER\laragon\www\fingerspot\system\CodeIgniter.php(436): CodeIgniter\CodeIgniter->runController(Object(App\Controllers\Home))
#2 D:\1.WEB_SERVER\laragon\www\fingerspot\system\CodeIgniter.php(336): CodeIgniter\CodeIgniter->handleRequest(NULL, Object(Config\Cache), false)
#3 D:\1.WEB_SERVER\laragon\www\fingerspot\public\index.php(37): CodeIgniter\CodeIgniter->run()
#4 D:\1.WEB_SERVER\laragon\www\fingerspot\system\Commands\Server\rewrite.php(45): require_once('D:\\1.WEB_SERVER...')
#5 {main}
CRITICAL - 2021-07-18 05:11:42 --> Trying to get property 'pegawai_id' of non-object
#0 D:\1.WEB_SERVER\laragon\www\fingerspot\app\Views\data_absen.php(41): CodeIgniter\Debug\Exceptions->errorHandler(8, 'Trying to get p...', 'D:\\1.WEB_SERVER...', 41, Array)
#1 D:\1.WEB_SERVER\laragon\www\fingerspot\system\View\View.php(230): include('D:\\1.WEB_SERVER...')
#2 D:\1.WEB_SERVER\laragon\www\fingerspot\system\View\View.php(232): CodeIgniter\View\View->CodeIgniter\View\{closure}()
#3 D:\1.WEB_SERVER\laragon\www\fingerspot\system\Common.php(1271): CodeIgniter\View\View->render('data_absen', Array, true)
#4 D:\1.WEB_SERVER\laragon\www\fingerspot\app\Views\layout\conten.php(4): view('data_absen')
#5 D:\1.WEB_SERVER\laragon\www\fingerspot\system\View\View.php(230): include('D:\\1.WEB_SERVER...')
#6 D:\1.WEB_SERVER\laragon\www\fingerspot\system\View\View.php(232): CodeIgniter\View\View->CodeIgniter\View\{closure}()
#7 D:\1.WEB_SERVER\laragon\www\fingerspot\system\Common.php(1271): CodeIgniter\View\View->render('layout/conten.p...', Array, true)
#8 D:\1.WEB_SERVER\laragon\www\fingerspot\app\Views\layout\wrapper.php(5): view('layout/conten.p...')
#9 D:\1.WEB_SERVER\laragon\www\fingerspot\system\View\View.php(230): include('D:\\1.WEB_SERVER...')
#10 D:\1.WEB_SERVER\laragon\www\fingerspot\system\View\View.php(232): CodeIgniter\View\View->CodeIgniter\View\{closure}()
#11 D:\1.WEB_SERVER\laragon\www\fingerspot\system\Common.php(1271): CodeIgniter\View\View->render('layout/wrapper', Array, true)
#12 D:\1.WEB_SERVER\laragon\www\fingerspot\app\Controllers\Home.php(56): view('layout/wrapper', Array)
#13 D:\1.WEB_SERVER\laragon\www\fingerspot\system\CodeIgniter.php(928): App\Controllers\Home->dataAbsen()
#14 D:\1.WEB_SERVER\laragon\www\fingerspot\system\CodeIgniter.php(436): CodeIgniter\CodeIgniter->runController(Object(App\Controllers\Home))
#15 D:\1.WEB_SERVER\laragon\www\fingerspot\system\CodeIgniter.php(336): CodeIgniter\CodeIgniter->handleRequest(NULL, Object(Config\Cache), false)
#16 D:\1.WEB_SERVER\laragon\www\fingerspot\public\index.php(37): CodeIgniter\CodeIgniter->run()
#17 D:\1.WEB_SERVER\laragon\www\fingerspot\system\Commands\Server\rewrite.php(45): require_once('D:\\1.WEB_SERVER...')
#18 {main}
CRITICAL - 2021-07-18 05:17:31 --> Call to undefined method App\Models\Att_log::whereMonth
#0 D:\1.WEB_SERVER\laragon\www\fingerspot\app\Controllers\Home.php(51): CodeIgniter\Model->__call('whereMonth', Array)
#1 D:\1.WEB_SERVER\laragon\www\fingerspot\system\CodeIgniter.php(928): App\Controllers\Home->dataAbsen()
#2 D:\1.WEB_SERVER\laragon\www\fingerspot\system\CodeIgniter.php(436): CodeIgniter\CodeIgniter->runController(Object(App\Controllers\Home))
#3 D:\1.WEB_SERVER\laragon\www\fingerspot\system\CodeIgniter.php(336): CodeIgniter\CodeIgniter->handleRequest(NULL, Object(Config\Cache), false)
#4 D:\1.WEB_SERVER\laragon\www\fingerspot\public\index.php(37): CodeIgniter\CodeIgniter->run()
#5 D:\1.WEB_SERVER\laragon\www\fingerspot\system\Commands\Server\rewrite.php(45): require_once('D:\\1.WEB_SERVER...')
#6 {main}
CRITICAL - 2021-07-18 05:18:44 --> Function name must be a string
#0 D:\1.WEB_SERVER\laragon\www\fingerspot\system\CodeIgniter.php(928): App\Controllers\Home->dataAbsen()
#1 D:\1.WEB_SERVER\laragon\www\fingerspot\system\CodeIgniter.php(436): CodeIgniter\CodeIgniter->runController(Object(App\Controllers\Home))
#2 D:\1.WEB_SERVER\laragon\www\fingerspot\system\CodeIgniter.php(336): CodeIgniter\CodeIgniter->handleRequest(NULL, Object(Config\Cache), false)
#3 D:\1.WEB_SERVER\laragon\www\fingerspot\public\index.php(37): CodeIgniter\CodeIgniter->run()
#4 D:\1.WEB_SERVER\laragon\www\fingerspot\system\Commands\Server\rewrite.php(45): require_once('D:\\1.WEB_SERVER...')
#5 {main}
CRITICAL - 2021-07-18 05:18:59 --> Call to undefined function App\Controllers\MONTH()
#0 D:\1.WEB_SERVER\laragon\www\fingerspot\system\CodeIgniter.php(928): App\Controllers\Home->dataAbsen()
#1 D:\1.WEB_SERVER\laragon\www\fingerspot\system\CodeIgniter.php(436): CodeIgniter\CodeIgniter->runController(Object(App\Controllers\Home))
#2 D:\1.WEB_SERVER\laragon\www\fingerspot\system\CodeIgniter.php(336): CodeIgniter\CodeIgniter->handleRequest(NULL, Object(Config\Cache), false)
#3 D:\1.WEB_SERVER\laragon\www\fingerspot\public\index.php(37): CodeIgniter\CodeIgniter->run()
#4 D:\1.WEB_SERVER\laragon\www\fingerspot\system\Commands\Server\rewrite.php(45): require_once('D:\\1.WEB_SERVER...')
#5 {main}
ERROR - 2021-07-18 05:19:20 --> Unknown column 'column_name' in 'where clause'
CRITICAL - 2021-07-18 05:19:20 --> Unknown column 'column_name' in 'where clause'
#0 D:\1.WEB_SERVER\laragon\www\fingerspot\system\Database\MySQLi\Connection.php(329): mysqli->query('SELECT *\nFROM `...')
#1 D:\1.WEB_SERVER\laragon\www\fingerspot\system\Database\BaseConnection.php(732): CodeIgniter\Database\MySQLi\Connection->execute('SELECT *\nFROM `...')
#2 D:\1.WEB_SERVER\laragon\www\fingerspot\system\Database\BaseConnection.php(647): CodeIgniter\Database\BaseConnection->simpleQuery('SELECT *\nFROM `...')
#3 D:\1.WEB_SERVER\laragon\www\fingerspot\system\Database\BaseBuilder.php(1881): CodeIgniter\Database\BaseConnection->query('SELECT *\nFROM `...', Array, false)
#4 D:\1.WEB_SERVER\laragon\www\fingerspot\system\Model.php(800): CodeIgniter\Database\BaseBuilder->get()
#5 D:\1.WEB_SERVER\laragon\www\fingerspot\app\Controllers\Home.php(53): CodeIgniter\Model->__call('get', Array)
#6 D:\1.WEB_SERVER\laragon\www\fingerspot\system\CodeIgniter.php(928): App\Controllers\Home->dataAbsen()
#7 D:\1.WEB_SERVER\laragon\www\fingerspot\system\CodeIgniter.php(436): CodeIgniter\CodeIgniter->runController(Object(App\Controllers\Home))
#8 D:\1.WEB_SERVER\laragon\www\fingerspot\system\CodeIgniter.php(336): CodeIgniter\CodeIgniter->handleRequest(NULL, Object(Config\Cache), false)
#9 D:\1.WEB_SERVER\laragon\www\fingerspot\public\index.php(37): CodeIgniter\CodeIgniter->run()
#10 D:\1.WEB_SERVER\laragon\www\fingerspot\system\Commands\Server\rewrite.php(45): require_once('D:\\1.WEB_SERVER...')
#11 {main}
CRITICAL - 2021-07-18 05:19:57 --> syntax error, unexpected '->' (T_OBJECT_OPERATOR)
#0 D:\1.WEB_SERVER\laragon\www\fingerspot\system\Router\Router.php(169): CodeIgniter\Router\Router->autoRoute('home/dataAbsen')
#1 D:\1.WEB_SERVER\laragon\www\fingerspot\system\CodeIgniter.php(809): CodeIgniter\Router\Router->handle('home/dataAbsen')
#2 D:\1.WEB_SERVER\laragon\www\fingerspot\system\CodeIgniter.php(389): CodeIgniter\CodeIgniter->tryToRouteIt(Object(CodeIgniter\Router\RouteCollection))
#3 D:\1.WEB_SERVER\laragon\www\fingerspot\system\CodeIgniter.php(336): CodeIgniter\CodeIgniter->handleRequest(NULL, Object(Config\Cache), false)
#4 D:\1.WEB_SERVER\laragon\www\fingerspot\public\index.php(37): CodeIgniter\CodeIgniter->run()
#5 D:\1.WEB_SERVER\laragon\www\fingerspot\system\Commands\Server\rewrite.php(45): require_once('D:\\1.WEB_SERVER...')
#6 {main}
CRITICAL - 2021-07-18 05:19:57 --> syntax error, unexpected '->' (T_OBJECT_OPERATOR)
#0 D:\1.WEB_SERVER\laragon\www\fingerspot\system\Router\Router.php(169): CodeIgniter\Router\Router->autoRoute('home/dataAbsen')
#1 D:\1.WEB_SERVER\laragon\www\fingerspot\system\CodeIgniter.php(809): CodeIgniter\Router\Router->handle('home/dataAbsen')
#2 D:\1.WEB_SERVER\laragon\www\fingerspot\system\CodeIgniter.php(389): CodeIgniter\CodeIgniter->tryToRouteIt(Object(CodeIgniter\Router\RouteCollection))
#3 D:\1.WEB_SERVER\laragon\www\fingerspot\system\CodeIgniter.php(336): CodeIgniter\CodeIgniter->handleRequest(NULL, Object(Config\Cache), false)
#4 D:\1.WEB_SERVER\laragon\www\fingerspot\public\index.php(37): CodeIgniter\CodeIgniter->run()
#5 D:\1.WEB_SERVER\laragon\www\fingerspot\system\Commands\Server\rewrite.php(45): require_once('D:\\1.WEB_SERVER...')
#6 {main}
CRITICAL - 2021-07-18 05:19:58 --> syntax error, unexpected '->' (T_OBJECT_OPERATOR)
#0 D:\1.WEB_SERVER\laragon\www\fingerspot\system\Router\Router.php(169): CodeIgniter\Router\Router->autoRoute('home/dataAbsen')
#1 D:\1.WEB_SERVER\laragon\www\fingerspot\system\CodeIgniter.php(809): CodeIgniter\Router\Router->handle('home/dataAbsen')
#2 D:\1.WEB_SERVER\laragon\www\fingerspot\system\CodeIgniter.php(389): CodeIgniter\CodeIgniter->tryToRouteIt(Object(CodeIgniter\Router\RouteCollection))
#3 D:\1.WEB_SERVER\laragon\www\fingerspot\system\CodeIgniter.php(336): CodeIgniter\CodeIgniter->handleRequest(NULL, Object(Config\Cache), false)
#4 D:\1.WEB_SERVER\laragon\www\fingerspot\public\index.php(37): CodeIgniter\CodeIgniter->run()
#5 D:\1.WEB_SERVER\laragon\www\fingerspot\system\Commands\Server\rewrite.php(45): require_once('D:\\1.WEB_SERVER...')
#6 {main}
CRITICAL - 2021-07-18 05:21:25 --> Undefined property: mysqli::$scan_date
#0 D:\1.WEB_SERVER\laragon\www\fingerspot\app\Views\data_absen.php(43): CodeIgniter\Debug\Exceptions->errorHandler(8, 'Undefined prope...', 'D:\\1.WEB_SERVER...', 43, Array)
#1 D:\1.WEB_SERVER\laragon\www\fingerspot\system\View\View.php(230): include('D:\\1.WEB_SERVER...')
#2 D:\1.WEB_SERVER\laragon\www\fingerspot\system\View\View.php(232): CodeIgniter\View\View->CodeIgniter\View\{closure}()
#3 D:\1.WEB_SERVER\laragon\www\fingerspot\system\Common.php(1271): CodeIgniter\View\View->render('data_absen', Array, true)
#4 D:\1.WEB_SERVER\laragon\www\fingerspot\app\Views\layout\conten.php(4): view('data_absen')
#5 D:\1.WEB_SERVER\laragon\www\fingerspot\system\View\View.php(230): include('D:\\1.WEB_SERVER...')
#6 D:\1.WEB_SERVER\laragon\www\fingerspot\system\View\View.php(232): CodeIgniter\View\View->CodeIgniter\View\{closure}()
#7 D:\1.WEB_SERVER\laragon\www\fingerspot\system\Common.php(1271): CodeIgniter\View\View->render('layout/conten.p...', Array, true)
#8 D:\1.WEB_SERVER\laragon\www\fingerspot\app\Views\layout\wrapper.php(5): view('layout/conten.p...')
#9 D:\1.WEB_SERVER\laragon\www\fingerspot\system\View\View.php(230): include('D:\\1.WEB_SERVER...')
#10 D:\1.WEB_SERVER\laragon\www\fingerspot\system\View\View.php(232): CodeIgniter\View\View->CodeIgniter\View\{closure}()
#11 D:\1.WEB_SERVER\laragon\www\fingerspot\system\Common.php(1271): CodeIgniter\View\View->render('layout/wrapper', Array, true)
#12 D:\1.WEB_SERVER\laragon\www\fingerspot\app\Controllers\Home.php(60): view('layout/wrapper', Array)
#13 D:\1.WEB_SERVER\laragon\www\fingerspot\system\CodeIgniter.php(928): App\Controllers\Home->dataAbsen()
#14 D:\1.WEB_SERVER\laragon\www\fingerspot\system\CodeIgniter.php(436): CodeIgniter\CodeIgniter->runController(Object(App\Controllers\Home))
#15 D:\1.WEB_SERVER\laragon\www\fingerspot\system\CodeIgniter.php(336): CodeIgniter\CodeIgniter->handleRequest(NULL, Object(Config\Cache), false)
#16 D:\1.WEB_SERVER\laragon\www\fingerspot\public\index.php(37): CodeIgniter\CodeIgniter->run()
#17 D:\1.WEB_SERVER\laragon\www\fingerspot\system\Commands\Server\rewrite.php(45): require_once('D:\\1.WEB_SERVER...')
#18 {main}
CRITICAL - 2021-07-18 05:21:36 --> Cannot use object of type mysqli as array
#0 D:\1.WEB_SERVER\laragon\www\fingerspot\system\View\View.php(230): include()
#1 D:\1.WEB_SERVER\laragon\www\fingerspot\system\View\View.php(232): CodeIgniter\View\View->CodeIgniter\View\{closure}()
#2 D:\1.WEB_SERVER\laragon\www\fingerspot\system\Common.php(1271): CodeIgniter\View\View->render('data_absen', Array, true)
#3 D:\1.WEB_SERVER\laragon\www\fingerspot\app\Views\layout\conten.php(4): view('data_absen')
#4 D:\1.WEB_SERVER\laragon\www\fingerspot\system\View\View.php(230): include('D:\\1.WEB_SERVER...')
#5 D:\1.WEB_SERVER\laragon\www\fingerspot\system\View\View.php(232): CodeIgniter\View\View->CodeIgniter\View\{closure}()
#6 D:\1.WEB_SERVER\laragon\www\fingerspot\system\Common.php(1271): CodeIgniter\View\View->render('layout/conten.p...', Array, true)
#7 D:\1.WEB_SERVER\laragon\www\fingerspot\app\Views\layout\wrapper.php(5): view('layout/conten.p...')
#8 D:\1.WEB_SERVER\laragon\www\fingerspot\system\View\View.php(230): include('D:\\1.WEB_SERVER...')
#9 D:\1.WEB_SERVER\laragon\www\fingerspot\system\View\View.php(232): CodeIgniter\View\View->CodeIgniter\View\{closure}()
#10 D:\1.WEB_SERVER\laragon\www\fingerspot\system\Common.php(1271): CodeIgniter\View\View->render('layout/wrapper', Array, true)
#11 D:\1.WEB_SERVER\laragon\www\fingerspot\app\Controllers\Home.php(60): view('layout/wrapper', Array)
#12 D:\1.WEB_SERVER\laragon\www\fingerspot\system\CodeIgniter.php(928): App\Controllers\Home->dataAbsen()
#13 D:\1.WEB_SERVER\laragon\www\fingerspot\system\CodeIgniter.php(436): CodeIgniter\CodeIgniter->runController(Object(App\Controllers\Home))
#14 D:\1.WEB_SERVER\laragon\www\fingerspot\system\CodeIgniter.php(336): CodeIgniter\CodeIgniter->handleRequest(NULL, Object(Config\Cache), false)
#15 D:\1.WEB_SERVER\laragon\www\fingerspot\public\index.php(37): CodeIgniter\CodeIgniter->run()
#16 D:\1.WEB_SERVER\laragon\www\fingerspot\system\Commands\Server\rewrite.php(45): require_once('D:\\1.WEB_SERVER...')
#17 {main}
CRITICAL - 2021-07-18 05:22:07 --> Cannot use object of type stdClass as array
#0 D:\1.WEB_SERVER\laragon\www\fingerspot\system\View\View.php(230): include()
#1 D:\1.WEB_SERVER\laragon\www\fingerspot\system\View\View.php(232): CodeIgniter\View\View->CodeIgniter\View\{closure}()
#2 D:\1.WEB_SERVER\laragon\www\fingerspot\system\Common.php(1271): CodeIgniter\View\View->render('data_absen', Array, true)
#3 D:\1.WEB_SERVER\laragon\www\fingerspot\app\Views\layout\conten.php(4): view('data_absen')
#4 D:\1.WEB_SERVER\laragon\www\fingerspot\system\View\View.php(230): include('D:\\1.WEB_SERVER...')
#5 D:\1.WEB_SERVER\laragon\www\fingerspot\system\View\View.php(232): CodeIgniter\View\View->CodeIgniter\View\{closure}()
#6 D:\1.WEB_SERVER\laragon\www\fingerspot\system\Common.php(1271): CodeIgniter\View\View->render('layout/conten.p...', Array, true)
#7 D:\1.WEB_SERVER\laragon\www\fingerspot\app\Views\layout\wrapper.php(5): view('layout/conten.p...')
#8 D:\1.WEB_SERVER\laragon\www\fingerspot\system\View\View.php(230): include('D:\\1.WEB_SERVER...')
#9 D:\1.WEB_SERVER\laragon\www\fingerspot\system\View\View.php(232): CodeIgniter\View\View->CodeIgniter\View\{closure}()
#10 D:\1.WEB_SERVER\laragon\www\fingerspot\system\Common.php(1271): CodeIgniter\View\View->render('layout/wrapper', Array, true)
#11 D:\1.WEB_SERVER\laragon\www\fingerspot\app\Controllers\Home.php(60): view('layout/wrapper', Array)
#12 D:\1.WEB_SERVER\laragon\www\fingerspot\system\CodeIgniter.php(928): App\Controllers\Home->dataAbsen()
#13 D:\1.WEB_SERVER\laragon\www\fingerspot\system\CodeIgniter.php(436): CodeIgniter\CodeIgniter->runController(Object(App\Controllers\Home))
#14 D:\1.WEB_SERVER\laragon\www\fingerspot\system\CodeIgniter.php(336): CodeIgniter\CodeIgniter->handleRequest(NULL, Object(Config\Cache), false)
#15 D:\1.WEB_SERVER\laragon\www\fingerspot\public\index.php(37): CodeIgniter\CodeIgniter->run()
#16 D:\1.WEB_SERVER\laragon\www\fingerspot\system\Commands\Server\rewrite.php(45): require_once('D:\\1.WEB_SERVER...')
#17 {main}
CRITICAL - 2021-07-18 05:32:49 --> syntax error, unexpected '->' (T_OBJECT_OPERATOR), expecting identifier (T_STRING) or variable (T_VARIABLE) or '{' or '$'
#0 D:\1.WEB_SERVER\laragon\www\fingerspot\system\Router\Router.php(169): CodeIgniter\Router\Router->autoRoute('home/dataAbsen')
#1 D:\1.WEB_SERVER\laragon\www\fingerspot\system\CodeIgniter.php(809): CodeIgniter\Router\Router->handle('home/dataAbsen')
#2 D:\1.WEB_SERVER\laragon\www\fingerspot\system\CodeIgniter.php(389): CodeIgniter\CodeIgniter->tryToRouteIt(Object(CodeIgniter\Router\RouteCollection))
#3 D:\1.WEB_SERVER\laragon\www\fingerspot\system\CodeIgniter.php(336): CodeIgniter\CodeIgniter->handleRequest(NULL, Object(Config\Cache), false)
#4 D:\1.WEB_SERVER\laragon\www\fingerspot\public\index.php(37): CodeIgniter\CodeIgniter->run()
#5 D:\1.WEB_SERVER\laragon\www\fingerspot\system\Commands\Server\rewrite.php(45): require_once('D:\\1.WEB_SERVER...')
#6 {main}
CRITICAL - 2021-07-18 05:36:00 --> Trying to get property 'scan_date' of non-object
#0 D:\1.WEB_SERVER\laragon\www\fingerspot\app\Views\data_absen.php(42): CodeIgniter\Debug\Exceptions->errorHandler(8, 'Trying to get p...', 'D:\\1.WEB_SERVER...', 42, Array)
#1 D:\1.WEB_SERVER\laragon\www\fingerspot\system\View\View.php(230): include('D:\\1.WEB_SERVER...')
#2 D:\1.WEB_SERVER\laragon\www\fingerspot\system\View\View.php(232): CodeIgniter\View\View->CodeIgniter\View\{closure}()
#3 D:\1.WEB_SERVER\laragon\www\fingerspot\system\Common.php(1271): CodeIgniter\View\View->render('data_absen', Array, true)
#4 D:\1.WEB_SERVER\laragon\www\fingerspot\app\Views\layout\conten.php(4): view('data_absen')
#5 D:\1.WEB_SERVER\laragon\www\fingerspot\system\View\View.php(230): include('D:\\1.WEB_SERVER...')
#6 D:\1.WEB_SERVER\laragon\www\fingerspot\system\View\View.php(232): CodeIgniter\View\View->CodeIgniter\View\{closure}()
#7 D:\1.WEB_SERVER\laragon\www\fingerspot\system\Common.php(1271): CodeIgniter\View\View->render('layout/conten.p...', Array, true)
#8 D:\1.WEB_SERVER\laragon\www\fingerspot\app\Views\layout\wrapper.php(5): view('layout/conten.p...')
#9 D:\1.WEB_SERVER\laragon\www\fingerspot\system\View\View.php(230): include('D:\\1.WEB_SERVER...')
#10 D:\1.WEB_SERVER\laragon\www\fingerspot\system\View\View.php(232): CodeIgniter\View\View->CodeIgniter\View\{closure}()
#11 D:\1.WEB_SERVER\laragon\www\fingerspot\system\Common.php(1271): CodeIgniter\View\View->render('layout/wrapper', Array, true)
#12 D:\1.WEB_SERVER\laragon\www\fingerspot\app\Controllers\Home.php(63): view('layout/wrapper', Array)
#13 D:\1.WEB_SERVER\laragon\www\fingerspot\system\CodeIgniter.php(928): App\Controllers\Home->dataAbsen()
#14 D:\1.WEB_SERVER\laragon\www\fingerspot\system\CodeIgniter.php(436): CodeIgniter\CodeIgniter->runController(Object(App\Controllers\Home))
#15 D:\1.WEB_SERVER\laragon\www\fingerspot\system\CodeIgniter.php(336): CodeIgniter\CodeIgniter->handleRequest(NULL, Object(Config\Cache), false)
#16 D:\1.WEB_SERVER\laragon\www\fingerspot\public\index.php(37): CodeIgniter\CodeIgniter->run()
#17 D:\1.WEB_SERVER\laragon\www\fingerspot\system\Commands\Server\rewrite.php(45): require_once('D:\\1.WEB_SERVER...')
#18 {main}
ERROR - 2021-07-18 23:21:54 --> Error connecting to the database: No connection could be made because the target machine actively refused it.

CRITICAL - 2021-07-18 23:21:54 --> Unable to connect to the database.
Main connection [MySQLi]: No connection could be made because the target machine actively refused it.

#0 D:\1.WEB_SERVER\laragon\www\fingerspot\system\Database\BaseConnection.php(625): CodeIgniter\Database\BaseConnection->initialize()
#1 D:\1.WEB_SERVER\laragon\www\fingerspot\system\Database\BaseBuilder.php(1881): CodeIgniter\Database\BaseConnection->query('SELECT *\nFROM `...', Array, false)
#2 D:\1.WEB_SERVER\laragon\www\fingerspot\app\Models\HomeModel.php(11): CodeIgniter\Database\BaseBuilder->get()
#3 D:\1.WEB_SERVER\laragon\www\fingerspot\app\Controllers\Home.php(32): App\Models\HomeModel->getUser()
#4 D:\1.WEB_SERVER\laragon\www\fingerspot\system\CodeIgniter.php(928): App\Controllers\Home->pegawai()
#5 D:\1.WEB_SERVER\laragon\www\fingerspot\system\CodeIgniter.php(436): CodeIgniter\CodeIgniter->runController(Object(App\Controllers\Home))
#6 D:\1.WEB_SERVER\laragon\www\fingerspot\system\CodeIgniter.php(336): CodeIgniter\CodeIgniter->handleRequest(NULL, Object(Config\Cache), false)
#7 D:\1.WEB_SERVER\laragon\www\fingerspot\public\index.php(37): CodeIgniter\CodeIgniter->run()
#8 D:\1.WEB_SERVER\laragon\www\fingerspot\system\Commands\Server\rewrite.php(45): require_once('D:\\1.WEB_SERVER...')
#9 {main}
